2025-05-29 17:23:28,446 - INFO - 
===== 回测 BTC-USDT-SWAP =====
2025-05-29 17:23:28,446 - INFO - ▶ 下载 BTC-USDT-SWAP 15m ...
2025-05-29 17:27:33,520 - INFO - [网络异常] BTC-USDT-SWAP 15m: HTTPSConnectionPool(host='www.okx.com', port=443): Max retries exceeded with url: /api/v5/market/history-candles?instId=BTC-USDT-SWAP&bar=15m&after=1727012700001&limit=100 (Caused by ProxyError('Cannot connect to proxy.', ConnectionResetError(10054, '远程主机强迫关闭了一个现有的连接。', None, 10054, None)))
2025-05-29 17:27:34,597 - INFO - [4H] 无趋势识别: [[79170.9, 80513.0, 78234.0, 79894.8], [79850.0, 83268.3, 79338.6, 82530.0], [84297.9, 84921.0, 83042.2, 84177.2], [83817.7, 85068.3, 82706.8, 84485.0], [84638.4, 86766.0, 84375.0, 86606.0], [86450.0, 87097.0, 86033.0, 86236.4], [86057.9, 86729.9, 85701.7, 85885.9], [85326.9, 85816.7, 84201.0, 84756.3], [85240.0, 85465.9, 83462.2, 84626.0], [84455.0, 86765.3, 82228.0, 86050.0], [87018.0, 88532.8, 85400.1, 87197.7], [87841.9, 89308.9, 87521.0, 89109.9], [88837.3, 89190.5, 88127.0, 88647.7], [88800.0, 89400.0, 88388.0, 88713.9], [88360.2, 89462.8, 88143.0, 88986.1], [88448.0, 89036.0, 86500.0, 87404.5], [87146.0, 89411.9, 86042.0, 89142.2], [89064.1, 89567.8, 86866.9, 87773.9], [88979.1, 91770.1, 88181.2, 91574.1], [92077.2, 92543.0, 91601.0, 92093.2], [92021.4, 93614.4, 90866.1, 93496.7], [93979.1, 94853.3, 93056.2, 94501.0], [94637.7, 95800.0, 93813.8, 95396.1], [95598.0, 96100.0, 95317.7, 95584.9], [95763.4, 96180.0, 95384.0, 95676.0], [95664.9, 96076.0, 95028.0, 95944.8], [96087.3, 96532.0, 95611.9, 95847.3], [95693.0, 95884.0, 95539.0, 95760.4], [95662.0, 95990.0, 95260.0, 95847.5], [96028.1, 96262.0, 95651.8, 96138.1], [96240.1, 96560.0, 96231.0, 96334.8], [96220.0, 96580.1, 96140.0, 96409.7], [96435.3, 96691.6, 96368.0, 96624.9], [96620.2, 96714.8, 96358.5, 96456.8], [96765.9, 96839.4, 96427.5, 96525.2], [96638.4, 97000.0, 96432.0, 96468.5], [96533.4, 96570.7, 96115.8, 96383.9], [96430.8, 96568.0, 96127.0, 96197.1], [96395.2, 96429.2, 95612.7, 95769.6], [95717.8, 96826.6, 94840.6, 96566.5], [96843.0, 99345.9, 96500.0, 99200.0], [98665.8, 99488.0, 98345.1, 98558.7], [98521.4, 98980.3, 98101.9, 98445.9], [98375.2, 98437.9, 98101.3, 98270.2], [98117.6, 98519.9, 98062.0, 98304.2], [98118.8, 98724.9, 98011.0, 98466.2], [98288.0, 98433.0, 96850.0, 97100.0], [96962.5, 98040.2, 96768.1, 97275.2], [97359.8, 97371.0, 96803.0, 96978.1], [96916.6, 97380.8, 96759.0, 96999.0], [97165.2, 97432.0, 96413.8, 96674.4], [96606.1, 96896.2, 95872.0, 96036.2], [96012.5, 96511.0, 95408.9, 96266.0], [95777.0, 96724.0, 95533.3, 96281.6], [96382.5, 96477.3, 95630.1, 95724.4], [95740.9, 95817.8, 95050.0, 95721.3], [95675.9, 95979.7, 95058.0, 95662.3], [95577.8, 95611.6, 93732.3, 94104.1], [93663.8, 95662.1, 93365.4, 95549.9], [95400.1, 96767.4, 95355.5, 95638.6], [95741.0, 95888.0, 95021.9, 95463.9], [95578.3, 96301.0, 95253.0, 96184.2], [96203.2, 96326.0, 95559.3, 95894.4], [95764.1, 96418.9, 95486.4, 95660.0], [95446.2, 95945.9, 95154.7, 95613.4], [96125.0, 97051.9, 95550.7, 96244.0], [96049.9, 96400.0, 95950.0, 96195.4], [95980.1, 96469.0, 95773.5, 96079.4], [96172.5, 96639.0, 96060.0, 96420.0], [96113.5, 97344.0, 96032.3, 97054.6], [97072.4, 97174.5, 96575.2, 97076.0], [96900.0, 97270.8, 96687.0, 97261.1], [97356.0, 97420.0, 97064.5, 97275.0], [97259.2, 97687.6, 97208.4, 97507.9], [97555.0, 97731.8, 97408.0, 97692.1], [97647.5, 97766.0, 97426.6, 97463.0], [97611.7, 97676.9, 97321.1, 97500.2], [97611.2, 97950.0, 97420.5, 97741.7], [97579.0, 97775.5, 97431.2, 97529.6], [97384.6, 97700.0, 97303.0, 97507.2], [97784.6, 97995.0, 97222.0, 97413.1], [97458.3, 97869.9, 96681.5, 97189.9], [97993.9, 98847.4, 96641.8, 97657.2], [96757.1, 97597.6, 96280.0, 96656.1], [96729.6, 97218.0, 96591.0, 96889.1], [97015.7, 97072.2, 96572.2, 96770.7], [96883.9, 97246.0, 96353.3, 96757.6], [96867.2, 96999.0, 96263.0, 96499.9], [96168.4, 96375.6, 95302.8, 95718.9], [95510.1, 96500.0, 95215.3, 95800.0], [95983.0, 96360.6, 95540.2, 96135.1], [95966.2, 96951.6, 95715.0, 96784.1], [97165.6, 98100.0, 96780.0, 97900.0], [97671.1, 98168.0, 97385.8, 97443.9], [97042.0, 97700.0, 96356.0, 97537.4], [96999.4, 97247.8, 94072.1, 96509.7], [95998.0, 96400.0, 95800.1, 96150.0], [96362.9, 96477.2, 95674.4, 95908.0], [95570.8, 96277.0, 95088.0, 95953.9], [96052.1, 96524.8, 95323.0, 95703.7]]
2025-05-29 17:40:57,919 - INFO - 
===== 回测 BTC-USDT-SWAP =====
2025-05-29 18:07:09,677 - INFO - 
=== 回测 BTC-USDT-SWAP ===
2025-05-29 21:05:16,335 - INFO - [网络] BTC-USDT-SWAP 15m 第1次失败: HTTPSConnectionPool(host='www.okx.com', port=443): Max retries exceeded with url: /api/v5/market/history-candles?instId=BTC-USDT-SWAP&bar=15m&after=1576476000001&limit=100 (Caused by ProxyError('Cannot connect to proxy.', ConnectionResetError(10054, '远程主机强迫关闭了一个现有的连接。', None, 10054, None)))
2025-05-29 21:08:27,920 - INFO - [网络] BTC-USDT-SWAP 15m 第1次失败: HTTPSConnectionPool(host='www.okx.com', port=443): Read timed out. (read timeout=30)
2025-05-29 21:47:45,072 - INFO - [网络] BTC-USDT-SWAP 15m 第1次失败: HTTPSConnectionPool(host='www.okx.com', port=443): Max retries exceeded with url: /api/v5/market/history-candles?instId=BTC-USDT-SWAP&bar=15m&after=1576476000001&limit=100 (Caused by ProxyError('Cannot connect to proxy.', RemoteDisconnected('Remote end closed connection without response')))
2025-05-29 22:37:26,992 - INFO - [网络] BTC-USDT-SWAP 15m 第1次失败: HTTPSConnectionPool(host='www.okx.com', port=443): Max retries exceeded with url: /api/v5/market/history-candles?instId=BTC-USDT-SWAP&bar=15m&after=1576476000001&limit=100 (Caused by ProxyError('Cannot connect to proxy.', RemoteDisconnected('Remote end closed connection without response')))
2025-05-29 22:38:56,583 - INFO - [网络] BTC-USDT-SWAP 15m 第1次失败: HTTPSConnectionPool(host='www.okx.com', port=443): Read timed out. (read timeout=30)
2025-05-29 23:19:10,348 - INFO - [网络] BTC-USDT-SWAP 15m 第1次失败: HTTPSConnectionPool(host='www.okx.com', port=443): Read timed out. (read timeout=30)
2025-05-29 23:30:26,866 - INFO - [网络] BTC-USDT-SWAP 15m 第1次失败: HTTPSConnectionPool(host='www.okx.com', port=443): Read timed out. (read timeout=30)
2025-05-29 23:37:21,864 - INFO - 
=== 回测 BTC-USDT-SWAP ===
2025-05-29 23:42:31,102 - INFO - BTC-USDT-SWAP 4H 数据不足
2025-05-29 23:42:31,528 - INFO - ETH-USDT-SWAP 4H 数据不足
2025-05-29 23:42:32,019 - INFO - SOL-USDT-SWAP 4H 数据不足
2025-05-29 23:42:32,437 - INFO - TON-USDT-SWAP 4H 数据不足
2025-05-29 23:42:32,870 - INFO - DOGE-USDT-SWAP 4H 数据不足
2025-05-29 23:42:33,478 - INFO - XRP-USDT-SWAP 4H 数据不足
2025-05-29 23:42:33,895 - INFO - SOPH-USDT-SWAP 4H 数据不足
2025-05-29 23:42:34,306 - INFO - PI-USDT-SWAP 4H 数据不足
2025-05-29 23:42:34,754 - INFO - HUMA-USDT-SWAP 4H 数据不足
2025-05-29 23:42:35,217 - INFO - 1INCH-USDT-SWAP 4H 数据不足
2025-05-29 23:42:35,940 - INFO - A-USDT-SWAP 4H 数据不足
2025-05-29 23:42:36,375 - INFO - AAVE-USDT-SWAP 4H 数据不足
2025-05-29 23:42:36,797 - INFO - ACE-USDT-SWAP 4H 数据不足
2025-05-29 23:42:37,245 - INFO - ACH-USDT-SWAP 4H 数据不足
2025-05-29 23:42:37,719 - INFO - ACT-USDT-SWAP 4H 数据不足
2025-05-29 23:42:38,143 - INFO - ADA-USDT-SWAP 4H 数据不足
2025-05-29 23:42:38,577 - INFO - AEVO-USDT-SWAP 4H 数据不足
2025-05-29 23:42:39,001 - INFO - AGLD-USDT-SWAP 4H 数据不足
2025-05-29 23:42:39,424 - INFO - AI16Z-USDT-SWAP 4H 数据不足
2025-05-29 23:42:39,848 - INFO - AIDOGE-USDT-SWAP 4H 数据不足
2025-05-29 23:42:40,274 - INFO - AIXBT-USDT-SWAP 4H 数据不足
2025-05-29 23:42:40,685 - INFO - ALCH-USDT-SWAP 4H 数据不足
2025-05-29 23:42:41,088 - INFO - ALGO-USDT-SWAP 4H 数据不足
2025-05-29 23:42:41,510 - INFO - ALPHA-USDT-SWAP 4H 数据不足
2025-05-29 23:42:41,950 - INFO - ANIME-USDT-SWAP 4H 数据不足
2025-05-29 23:42:42,359 - INFO - APE-USDT-SWAP 4H 数据不足
2025-05-29 23:42:42,901 - INFO - API3-USDT-SWAP 4H 数据不足
2025-05-29 23:42:43,321 - INFO - APT-USDT-SWAP 4H 数据不足
2025-05-29 23:42:43,724 - INFO - AR-USDT-SWAP 4H 数据不足
2025-05-29 23:42:44,131 - INFO - ARB-USDT-SWAP 4H 数据不足
2025-05-29 23:42:44,546 - INFO - ARC-USDT-SWAP 4H 数据不足
2025-05-29 23:42:45,074 - INFO - ARKM-USDT-SWAP 4H 数据不足
2025-05-29 23:42:45,516 - INFO - ATH-USDT-SWAP 4H 数据不足
2025-05-29 23:42:45,941 - INFO - ATOM-USDT-SWAP 4H 数据不足
2025-05-29 23:42:46,355 - INFO - AUCTION-USDT-SWAP 4H 数据不足
2025-05-29 23:42:46,786 - INFO - AVAX-USDT-SWAP 4H 数据不足
2025-05-29 23:42:47,194 - INFO - AVAAI-USDT-SWAP 4H 数据不足
2025-05-29 23:42:48,058 - INFO - AXS-USDT-SWAP 4H 数据不足
2025-05-29 23:42:48,458 - INFO - BABY-USDT-SWAP 4H 数据不足
2025-05-29 23:42:49,139 - INFO - BADGER-USDT-SWAP 4H 数据不足
2025-05-29 23:42:49,536 - INFO - BAL-USDT-SWAP 4H 数据不足
2025-05-29 23:42:49,963 - INFO - BAND-USDT-SWAP 4H 数据不足
2025-05-29 23:42:50,755 - INFO - BAT-USDT-SWAP 4H 数据不足
2025-05-29 23:42:51,534 - INFO - BCH-USDT-SWAP 4H 数据不足
2025-05-29 23:42:51,985 - INFO - BERA-USDT-SWAP 4H 数据不足
2025-05-29 23:42:52,398 - INFO - BICO-USDT-SWAP 4H 数据不足
2025-05-29 23:42:52,803 - INFO - BIGTIME-USDT-SWAP 4H 数据不足
2025-05-29 23:42:53,218 - INFO - BIO-USDT-SWAP 4H 数据不足
2025-05-29 23:42:53,629 - INFO - BLUR-USDT-SWAP 4H 数据不足
2025-05-29 23:42:54,147 - INFO - BNB-USDT-SWAP 4H 数据不足
2025-05-29 23:42:54,560 - INFO - BNT-USDT-SWAP 4H 数据不足
2025-05-29 23:42:55,090 - INFO - BOME-USDT-SWAP 4H 数据不足
2025-05-29 23:42:55,504 - INFO - BONK-USDT-SWAP 4H 数据不足
2025-05-29 23:42:55,897 - INFO - BR-USDT-SWAP 4H 数据不足
2025-05-29 23:42:56,311 - INFO - BRETT-USDT-SWAP 4H 数据不足
2025-05-29 23:42:56,724 - INFO - BSV-USDT-SWAP 4H 数据不足
2025-05-29 23:42:57,142 - INFO - CAT-USDT-SWAP 4H 数据不足
2025-05-29 23:42:57,558 - INFO - CATI-USDT-SWAP 4H 数据不足
2025-05-29 23:42:57,975 - INFO - CELO-USDT-SWAP 4H 数据不足
2025-05-29 23:42:58,498 - INFO - CETUS-USDT-SWAP 4H 数据不足
2025-05-29 23:42:58,912 - INFO - CFX-USDT-SWAP 4H 数据不足
2025-05-29 23:42:59,443 - INFO - CHZ-USDT-SWAP 4H 数据不足
2025-05-29 23:42:59,866 - INFO - COMP-USDT-SWAP 4H 数据不足
2025-05-29 23:43:00,283 - INFO - COOKIE-USDT-SWAP 4H 数据不足
2025-05-29 23:43:00,820 - INFO - CORE-USDT-SWAP 4H 数据不足
2025-05-29 23:43:01,309 - INFO - CRO-USDT-SWAP 4H 数据不足
2025-05-29 23:43:01,830 - INFO - CRV-USDT-SWAP 4H 数据不足
2025-05-29 23:43:02,355 - INFO - CSPR-USDT-SWAP 4H 数据不足
2025-05-29 23:43:02,761 - INFO - CTC-USDT-SWAP 4H 数据不足
2025-05-29 23:43:03,498 - INFO - CVC-USDT-SWAP 4H 数据不足
2025-05-29 23:43:04,028 - INFO - CVX-USDT-SWAP 4H 数据不足
2025-05-29 23:43:04,448 - INFO - DEGEN-USDT-SWAP 4H 数据不足
2025-05-29 23:43:04,987 - INFO - DGB-USDT-SWAP 4H 数据不足
2025-05-29 23:43:05,401 - INFO - DOGS-USDT-SWAP 4H 数据不足
2025-05-29 23:43:05,823 - INFO - DOG-USDT-SWAP 4H 数据不足
2025-05-29 23:43:06,227 - INFO - DOOD-USDT-SWAP 4H 数据不足
2025-05-29 23:43:06,996 - INFO - DOT-USDT-SWAP 4H 数据不足
2025-05-29 23:43:07,412 - INFO - DUCK-USDT-SWAP 4H 数据不足
2025-05-29 23:43:07,846 - INFO - DYDX-USDT-SWAP 4H 数据不足
2025-05-29 23:43:08,249 - INFO - EGLD-USDT-SWAP 4H 数据不足
2025-05-29 23:43:08,672 - INFO - EIGEN-USDT-SWAP 4H 数据不足
2025-05-29 23:43:09,084 - INFO - ENJ-USDT-SWAP 4H 数据不足
2025-05-29 23:43:09,609 - INFO - ENS-USDT-SWAP 4H 数据不足
2025-05-29 23:43:10,178 - INFO - ETC-USDT-SWAP 4H 数据不足
2025-05-29 23:43:10,707 - INFO - ETHW-USDT-SWAP 4H 数据不足
2025-05-29 23:43:11,225 - INFO - ETHFI-USDT-SWAP 4H 数据不足
2025-05-29 23:43:11,866 - INFO - FARTCOIN-USDT-SWAP 4H 数据不足
2025-05-29 23:43:12,375 - INFO - FIL-USDT-SWAP 4H 数据不足
2025-05-29 23:43:12,935 - INFO - FLM-USDT-SWAP 4H 数据不足
2025-05-30 00:17:54,140 - INFO - [4H网络] BTC-USDT-SWAP 第1次失败: HTTPSConnectionPool(host='www.okx.com', port=443): Read timed out. (read timeout=30)
2025-05-30 00:30:02,326 - INFO - [4H网络] BTC-USDT-SWAP 第1次失败: HTTPSConnectionPool(host='www.okx.com', port=443): Max retries exceeded with url: /api/v5/market/history-candles?instId=BTC-USDT-SWAP&bar=4H&after=1576468800001&limit=100 (Caused by ProxyError('Cannot connect to proxy.', RemoteDisconnected('Remote end closed connection without response')))
