2025-06-03 15:17:08,299 - INFO - BTC-USDT-SWAP 4H 获取 300 根
2025-06-03 15:17:08,300 - INFO - [4H] 识别到趋势: uptrend, OB: {'top': 92659.3, 'bottom': 92185.4}
2025-06-03 15:17:09,332 - INFO - [4H] 识别到趋势: uptrend, OB: {'top': 92659.3, 'bottom': 92185.4}
2025-06-03 15:17:10,932 - INFO - [4H] 识别到趋势: uptrend, OB: {'top': 92659.3, 'bottom': 92185.4}
2025-06-03 15:17:11,986 - INFO - [4H] 识别到趋势: uptrend, OB: {'top': 92659.3, 'bottom': 92185.4}
2025-06-03 15:17:13,156 - INFO - [4H] 识别到趋势: uptrend, OB: {'top': 94390.0, 'bottom': 93708.0}
2025-06-03 15:17:15,090 - INFO - [4H] 识别到趋势: uptrend, OB: {'top': 94390.0, 'bottom': 93708.0}
2025-06-03 15:17:16,957 - INFO - [4H] 识别到趋势: uptrend, OB: {'top': 94390.0, 'bottom': 93708.0}
2025-06-03 15:17:18,810 - INFO - [4H] 识别到趋势: uptrend, OB: {'top': 94390.0, 'bottom': 93708.0}
2025-06-03 15:17:20,690 - INFO - [4H] 识别到趋势: uptrend, OB: {'top': 94390.0, 'bottom': 93708.0}
2025-06-03 15:17:21,895 - INFO - [4H] 识别到趋势: uptrend, OB: {'top': 94390.0, 'bottom': 93708.0}
2025-06-03 15:17:24,424 - INFO - [4H] 识别到趋势: uptrend, OB: {'top': 96806.0, 'bottom': 96490.0}
2025-06-03 15:17:25,609 - INFO - [4H] 识别到趋势: uptrend, OB: {'top': 96806.0, 'bottom': 96490.0}
2025-06-03 15:17:26,967 - INFO - [4H] 识别到趋势: uptrend, OB: {'top': 96806.0, 'bottom': 96490.0}
2025-06-03 15:17:28,369 - INFO - [4H] 识别到趋势: uptrend, OB: {'top': 96806.0, 'bottom': 96490.0}
2025-06-03 15:17:29,650 - INFO - [4H] 识别到趋势: uptrend, OB: {'top': 96806.0, 'bottom': 96490.0}
2025-06-03 15:17:30,843 - INFO - [4H] 识别到趋势: downtrend, OB: {'top': 96873.0, 'bottom': 96323.1}
2025-06-03 15:17:34,208 - INFO - [4H] 识别到趋势: downtrend, OB: {'top': 96873.0, 'bottom': 96323.1}
2025-06-03 15:17:35,429 - INFO - [4H] 识别到趋势: downtrend, OB: {'top': 96873.0, 'bottom': 96323.1}
2025-06-03 15:17:37,259 - INFO - [4H] 识别到趋势: downtrend, OB: {'top': 96873.0, 'bottom': 96323.1}
2025-06-03 15:17:39,094 - INFO - [4H] 识别到趋势: downtrend, OB: {'top': 96294.7, 'bottom': 96280.2}
2025-06-03 15:17:40,550 - INFO - [4H] 识别到趋势: downtrend, OB: {'top': 96294.7, 'bottom': 96280.2}
2025-06-03 15:17:42,650 - INFO - [4H] 识别到趋势: downtrend, OB: {'top': 96294.7, 'bottom': 96280.2}
2025-06-03 15:17:44,850 - INFO - [4H] 识别到趋势: downtrend, OB: {'top': 96294.7, 'bottom': 96280.2}
2025-06-03 15:17:47,136 - INFO - [4H] 识别到趋势: downtrend, OB: {'top': 96294.7, 'bottom': 96280.2}
2025-06-03 15:17:48,765 - INFO - [4H] 识别到趋势: downtrend, OB: {'top': 96294.7, 'bottom': 96280.2}
2025-06-03 15:17:49,873 - INFO - [4H] 识别到趋势: downtrend, OB: {'top': 95542.1, 'bottom': 95415.2}
2025-06-03 15:17:51,376 - INFO - [4H] 识别到趋势: downtrend, OB: {'top': 95542.1, 'bottom': 95415.2}
2025-06-03 15:17:52,851 - INFO - [4H] 识别到趋势: downtrend, OB: {'top': 95542.1, 'bottom': 95415.2}
2025-06-03 15:17:55,092 - INFO - [4H] 识别到趋势: downtrend, OB: {'top': 95542.1, 'bottom': 95415.2}
2025-06-03 15:17:57,648 - INFO - [4H] 识别到趋势: downtrend, OB: {'top': 95542.1, 'bottom': 95415.2}
2025-06-03 15:33:51,916 - INFO - [4H] 识别到趋势: uptrend, OB: {'top': 92659.3, 'bottom': 92185.4}
2025-06-03 15:33:53,461 - INFO - [4H] 识别到趋势: uptrend, OB: {'top': 92659.3, 'bottom': 92185.4}
2025-06-03 15:33:54,855 - INFO - [4H] 识别到趋势: uptrend, OB: {'top': 92659.3, 'bottom': 92185.4}
2025-06-03 15:33:55,882 - INFO - [4H] 识别到趋势: uptrend, OB: {'top': 92659.3, 'bottom': 92185.4}
2025-06-03 15:33:57,402 - INFO - [4H] 识别到趋势: uptrend, OB: {'top': 94390.0, 'bottom': 93708.0}
2025-06-03 15:34:00,101 - INFO - [4H] 识别到趋势: uptrend, OB: {'top': 94390.0, 'bottom': 93708.0}
2025-06-03 15:34:01,881 - INFO - [4H] 识别到趋势: uptrend, OB: {'top': 94390.0, 'bottom': 93708.0}
2025-06-03 15:34:03,443 - INFO - [4H] 识别到趋势: uptrend, OB: {'top': 94390.0, 'bottom': 93708.0}
2025-06-03 15:34:04,681 - INFO - [4H] 识别到趋势: uptrend, OB: {'top': 94390.0, 'bottom': 93708.0}
2025-06-03 15:34:06,147 - INFO - [4H] 识别到趋势: uptrend, OB: {'top': 94390.0, 'bottom': 93708.0}
2025-06-03 15:34:07,799 - INFO - [4H] 识别到趋势: uptrend, OB: {'top': 96806.0, 'bottom': 96490.0}
2025-06-03 15:34:09,602 - INFO - [4H] 识别到趋势: uptrend, OB: {'top': 96806.0, 'bottom': 96490.0}
2025-06-03 15:34:10,994 - INFO - [4H] 识别到趋势: uptrend, OB: {'top': 96806.0, 'bottom': 96490.0}
2025-06-03 15:34:12,602 - INFO - [4H] 识别到趋势: uptrend, OB: {'top': 96806.0, 'bottom': 96490.0}
2025-06-03 15:34:14,380 - INFO - [4H] 识别到趋势: uptrend, OB: {'top': 96806.0, 'bottom': 96490.0}
2025-06-03 15:34:15,688 - INFO - [4H] 识别到趋势: downtrend, OB: {'top': 96873.0, 'bottom': 96323.1}
2025-06-03 15:34:18,260 - INFO - [4H] 识别到趋势: downtrend, OB: {'top': 96873.0, 'bottom': 96323.1}
2025-06-03 15:34:19,399 - INFO - [4H] 识别到趋势: downtrend, OB: {'top': 96873.0, 'bottom': 96323.1}
2025-06-03 15:34:22,105 - INFO - [4H] 识别到趋势: downtrend, OB: {'top': 96873.0, 'bottom': 96323.1}
2025-06-03 15:34:23,877 - INFO - [4H] 识别到趋势: downtrend, OB: {'top': 96294.7, 'bottom': 96280.2}
2025-06-03 15:34:26,107 - INFO - [4H] 识别到趋势: downtrend, OB: {'top': 96294.7, 'bottom': 96280.2}
2025-06-03 15:34:27,244 - INFO - [4H] 识别到趋势: downtrend, OB: {'top': 96294.7, 'bottom': 96280.2}
2025-06-03 15:34:29,877 - INFO - [4H] 识别到趋势: downtrend, OB: {'top': 96294.7, 'bottom': 96280.2}
2025-06-03 15:34:31,120 - INFO - [4H] 识别到趋势: downtrend, OB: {'top': 96294.7, 'bottom': 96280.2}
2025-06-03 15:34:32,407 - INFO - [4H] 识别到趋势: downtrend, OB: {'top': 96294.7, 'bottom': 96280.2}
2025-06-03 15:34:33,871 - INFO - [4H] 识别到趋势: downtrend, OB: {'top': 95542.1, 'bottom': 95415.2}
2025-06-03 15:34:35,440 - INFO - [4H] 识别到趋势: downtrend, OB: {'top': 95542.1, 'bottom': 95415.2}
2025-06-03 15:34:37,581 - INFO - [4H] 识别到趋势: downtrend, OB: {'top': 95542.1, 'bottom': 95415.2}
2025-06-03 15:34:41,261 - INFO - [4H] 识别到趋势: downtrend, OB: {'top': 95542.1, 'bottom': 95415.2}
2025-06-03 15:34:42,442 - INFO - [4H] 识别到趋势: downtrend, OB: {'top': 95542.1, 'bottom': 95415.2}
2025-06-03 15:34:43,600 - INFO - [4H] 识别到趋势: downtrend, OB: {'top': 95542.1, 'bottom': 95415.2}
2025-06-03 15:34:44,921 - INFO - [4H] 识别到趋势: downtrend, OB: {'top': 95542.1, 'bottom': 95415.2}
2025-06-03 15:34:48,124 - INFO - [4H] 识别到趋势: downtrend, OB: {'top': 95542.1, 'bottom': 95415.2}
2025-06-03 15:34:49,571 - INFO - [4H] 识别到趋势: downtrend, OB: {'top': 95542.1, 'bottom': 95415.2}
2025-06-03 15:34:50,659 - INFO - [4H] 识别到趋势: downtrend, OB: {'top': 94300.0, 'bottom': 93733.9}
2025-06-03 15:34:52,130 - INFO - [4H] 识别到趋势: downtrend, OB: {'top': 94300.0, 'bottom': 93733.9}
2025-06-03 15:34:53,477 - INFO - [4H] 识别到趋势: downtrend, OB: {'top': 94300.0, 'bottom': 93733.9}
2025-06-03 15:34:54,899 - INFO - [4H] 识别到趋势: uptrend, OB: {'top': 94344.1, 'bottom': 93773.0}
2025-06-03 15:34:56,105 - INFO - [4H] 识别到趋势: uptrend, OB: {'top': 94344.1, 'bottom': 93773.0}
2025-06-03 15:34:58,209 - INFO - [4H] 识别到趋势: uptrend, OB: {'top': 94344.1, 'bottom': 93773.0}
2025-06-03 15:35:00,026 - INFO - [4H] 识别到趋势: uptrend, OB: {'top': 94344.1, 'bottom': 93773.0}
2025-06-03 15:35:02,840 - INFO - [4H] 识别到趋势: uptrend, OB: {'top': 94344.1, 'bottom': 93773.0}
2025-06-03 15:35:04,104 - INFO - [4H] 识别到趋势: uptrend, OB: {'top': 94344.1, 'bottom': 93773.0}
2025-06-03 15:35:07,481 - INFO - [4H] 识别到趋势: uptrend, OB: {'top': 94344.1, 'bottom': 93773.0}
2025-06-03 15:35:08,739 - INFO - [4H] 识别到趋势: uptrend, OB: {'top': 94344.1, 'bottom': 93773.0}
2025-06-03 15:35:11,076 - INFO - [4H] 识别到趋势: uptrend, OB: {'top': 94344.1, 'bottom': 93773.0}
2025-06-03 15:35:12,644 - INFO - [4H] 识别到趋势: uptrend, OB: {'top': 94344.1, 'bottom': 93773.0}
2025-06-03 15:35:15,447 - INFO - [4H] 识别到趋势: uptrend, OB: {'top': 94344.1, 'bottom': 93773.0}
2025-06-03 15:35:16,715 - INFO - [4H] 识别到趋势: uptrend, OB: {'top': 96996.7, 'bottom': 96896.0}
2025-06-03 15:35:18,338 - INFO - [4H] 识别到趋势: uptrend, OB: {'top': 96996.7, 'bottom': 96896.0}
2025-06-03 15:35:20,659 - INFO - [4H] 识别到趋势: uptrend, OB: {'top': 96996.7, 'bottom': 96896.0}
2025-06-03 15:35:22,200 - INFO - [4H] 识别到趋势: uptrend, OB: {'top': 96996.7, 'bottom': 96896.0}
2025-06-03 15:35:25,788 - INFO - [4H] 识别到趋势: uptrend, OB: {'top': 96996.7, 'bottom': 96896.0}
2025-06-03 15:35:30,636 - INFO - [4H] 识别到趋势: uptrend, OB: {'top': 96996.7, 'bottom': 96896.0}
2025-06-03 15:35:32,591 - INFO - [4H] 识别到趋势: uptrend, OB: {'top': 96996.7, 'bottom': 96896.0}
2025-06-03 15:35:33,952 - INFO - [4H] 识别到趋势: uptrend, OB: {'top': 96996.7, 'bottom': 96896.0}
2025-06-03 15:35:35,350 - INFO - [4H] 识别到趋势: uptrend, OB: {'top': 96996.7, 'bottom': 96896.0}
2025-06-03 15:35:36,537 - INFO - [4H] 识别到趋势: uptrend, OB: {'top': 96996.7, 'bottom': 96896.0}
2025-06-03 15:35:37,986 - INFO - [4H] 识别到趋势: uptrend, OB: {'top': 96996.7, 'bottom': 96896.0}
2025-06-03 15:35:39,299 - INFO - [4H] 识别到趋势: uptrend, OB: {'top': 96996.7, 'bottom': 96896.0}
2025-06-03 15:35:40,428 - INFO - [4H] 识别到趋势: uptrend, OB: {'top': 102909.0, 'bottom': 102848.5}
2025-06-03 15:35:41,899 - INFO - [4H] 识别到趋势: uptrend, OB: {'top': 102909.0, 'bottom': 102848.5}
2025-06-03 15:35:44,578 - INFO - [4H] 识别到趋势: uptrend, OB: {'top': 102909.0, 'bottom': 102848.5}
2025-06-03 15:35:46,035 - INFO - [4H] 识别到趋势: uptrend, OB: {'top': 102909.0, 'bottom': 102848.5}
2025-06-03 15:35:47,968 - INFO - [4H] 识别到趋势: uptrend, OB: {'top': 102909.0, 'bottom': 102848.5}
2025-06-03 15:35:49,372 - INFO - [4H] 识别到趋势: uptrend, OB: {'top': 102909.0, 'bottom': 102848.5}
2025-06-03 15:35:50,706 - INFO - [4H] 识别到趋势: uptrend, OB: {'top': 102909.0, 'bottom': 102848.5}
2025-06-03 15:35:52,100 - INFO - [4H] 识别到趋势: uptrend, OB: {'top': 102909.0, 'bottom': 102848.5}
2025-06-03 15:35:53,951 - INFO - [4H] 识别到趋势: uptrend, OB: {'top': 104787.3, 'bottom': 103948.0}
2025-06-03 15:35:55,701 - INFO - [4H] 识别到趋势: uptrend, OB: {'top': 104787.3, 'bottom': 103948.0}
2025-06-03 15:35:57,112 - INFO - [4H] 识别到趋势: uptrend, OB: {'top': 104787.3, 'bottom': 103948.0}
2025-06-03 15:35:58,530 - INFO - [4H] 识别到趋势: downtrend, OB: {'top': 104375.1, 'bottom': 104088.1}
2025-06-03 15:36:00,120 - INFO - [4H] 识别到趋势: downtrend, OB: {'top': 104375.1, 'bottom': 104088.1}
2025-06-03 15:36:02,201 - INFO - [4H] 识别到趋势: downtrend, OB: {'top': 104375.1, 'bottom': 104088.1}
2025-06-03 15:36:03,326 - INFO - [4H] 识别到趋势: downtrend, OB: {'top': 104375.1, 'bottom': 104088.1}
2025-06-03 15:36:04,766 - INFO - [4H] 识别到趋势: downtrend, OB: {'top': 104375.1, 'bottom': 104088.1}
2025-06-03 15:36:06,359 - INFO - [4H] 识别到趋势: downtrend, OB: {'top': 104375.1, 'bottom': 104088.1}
2025-06-03 15:36:07,873 - INFO - [4H] 识别到趋势: downtrend, OB: {'top': 104375.1, 'bottom': 104088.1}
2025-06-03 15:36:09,407 - INFO - [4H] 识别到趋势: downtrend, OB: {'top': 104375.1, 'bottom': 104088.1}
2025-06-03 15:36:10,876 - INFO - [4H] 识别到趋势: downtrend, OB: {'top': 104375.1, 'bottom': 104088.1}
2025-06-03 15:36:12,067 - INFO - [4H] 识别到趋势: downtrend, OB: {'top': 104375.1, 'bottom': 104088.1}
2025-06-03 15:36:13,196 - INFO - [4H] 识别到趋势: downtrend, OB: {'top': 104375.1, 'bottom': 104088.1}
2025-06-03 15:36:14,200 - INFO - [4H] 识别到趋势: downtrend, OB: {'top': 104375.1, 'bottom': 104088.1}
2025-06-03 15:36:15,674 - INFO - [4H] 识别到趋势: downtrend, OB: {'top': 104375.1, 'bottom': 104088.1}
2025-06-03 15:36:16,716 - INFO - [4H] 识别到趋势: downtrend, OB: {'top': 104375.1, 'bottom': 104088.1}
2025-06-03 15:36:18,098 - INFO - [4H] 识别到趋势: downtrend, OB: {'top': 104375.1, 'bottom': 104088.1}
2025-06-03 15:36:19,878 - INFO - [4H] 识别到趋势: downtrend, OB: {'top': 104375.1, 'bottom': 104088.1}
2025-06-03 15:36:22,965 - INFO - [4H] 识别到趋势: downtrend, OB: {'top': 104375.1, 'bottom': 104088.1}
2025-06-03 15:36:24,286 - INFO - [4H] 识别到趋势: downtrend, OB: {'top': 104375.1, 'bottom': 104088.1}
2025-06-03 15:36:25,565 - INFO - [4H] 识别到趋势: downtrend, OB: {'top': 104375.1, 'bottom': 104088.1}
2025-06-03 15:36:26,621 - INFO - [4H] 识别到趋势: downtrend, OB: {'top': 104375.1, 'bottom': 104088.1}
2025-06-03 15:36:27,899 - INFO - [4H] 识别到趋势: downtrend, OB: {'top': 104375.1, 'bottom': 104088.1}
2025-06-03 15:36:33,075 - INFO - [4H] 识别到趋势: downtrend, OB: {'top': 104375.1, 'bottom': 104088.1}
2025-06-03 15:36:36,185 - INFO - [4H] 识别到趋势: downtrend, OB: {'top': 104375.1, 'bottom': 104088.1}
2025-06-03 15:36:39,735 - INFO - [4H] 识别到趋势: downtrend, OB: {'top': 104375.1, 'bottom': 104088.1}
2025-06-03 15:36:41,082 - INFO - [4H] 识别到趋势: downtrend, OB: {'top': 104375.1, 'bottom': 104088.1}
2025-06-03 15:36:42,771 - INFO - [4H] 识别到趋势: downtrend, OB: {'top': 104375.1, 'bottom': 104088.1}
2025-06-03 15:36:48,966 - INFO - [4H] 识别到趋势: downtrend, OB: {'top': 104375.1, 'bottom': 104088.1}
2025-06-03 15:36:53,071 - INFO - [4H] 识别到趋势: downtrend, OB: {'top': 104375.1, 'bottom': 104088.1}
2025-06-03 15:36:54,384 - INFO - [4H] 识别到趋势: downtrend, OB: {'top': 104375.1, 'bottom': 104088.1}
2025-06-03 15:36:55,563 - INFO - [4H] 识别到趋势: downtrend, OB: {'top': 104375.1, 'bottom': 104088.1}
2025-06-03 15:36:57,239 - INFO - [4H] 识别到趋势: downtrend, OB: {'top': 104375.1, 'bottom': 104088.1}
2025-06-03 15:36:58,311 - INFO - [4H] 识别到趋势: downtrend, OB: {'top': 104375.1, 'bottom': 104088.1}
2025-06-03 15:36:59,476 - INFO - [4H] 识别到趋势: downtrend, OB: {'top': 104375.1, 'bottom': 104088.1}
2025-06-03 15:37:00,552 - INFO - [4H] 识别到趋势: downtrend, OB: {'top': 104375.1, 'bottom': 104088.1}
2025-06-03 15:37:03,960 - INFO - [4H] 识别到趋势: downtrend, OB: {'top': 104375.1, 'bottom': 104088.1}
2025-06-03 15:37:06,761 - INFO - [4H] 识别到趋势: downtrend, OB: {'top': 104375.1, 'bottom': 104088.1}
2025-06-03 15:37:08,409 - INFO - [4H] 识别到趋势: downtrend, OB: {'top': 104375.1, 'bottom': 104088.1}
2025-06-03 15:37:09,640 - INFO - [4H] 识别到趋势: downtrend, OB: {'top': 104375.1, 'bottom': 104088.1}
2025-06-03 15:37:10,918 - INFO - [4H] 识别到趋势: uptrend, OB: {'top': 105480.6, 'bottom': 103835.7}
2025-06-03 15:37:12,575 - INFO - [4H] 识别到趋势: downtrend, OB: {'top': 106435.0, 'bottom': 103835.7}
2025-06-03 15:37:14,576 - INFO - [4H] 识别到趋势: downtrend, OB: {'top': 106435.0, 'bottom': 103835.7}
2025-06-03 15:37:15,861 - INFO - [4H] 识别到趋势: downtrend, OB: {'top': 106435.0, 'bottom': 103835.7}
2025-06-03 16:31:38,691 - INFO - [4H] 识别到趋势: uptrend, OB: {'top': 92659.3, 'bottom': 92185.4}
2025-06-03 16:31:38,692 - INFO - [4H] BTC-USDT-SWAP 趋势=uptrend, OB={'top': 92659.3, 'bottom': 92185.4}
2025-06-03 16:31:39,900 - INFO - [4H] 识别到趋势: uptrend, OB: {'top': 92659.3, 'bottom': 92185.4}
2025-06-03 16:31:39,900 - INFO - [4H] BTC-USDT-SWAP 趋势=uptrend, OB={'top': 92659.3, 'bottom': 92185.4}
2025-06-03 16:31:42,037 - INFO - [4H] 识别到趋势: uptrend, OB: {'top': 92659.3, 'bottom': 92185.4}
2025-06-03 16:31:42,038 - INFO - [4H] BTC-USDT-SWAP 趋势=uptrend, OB={'top': 92659.3, 'bottom': 92185.4}
2025-06-03 16:31:43,420 - INFO - [4H] 识别到趋势: uptrend, OB: {'top': 94390.0, 'bottom': 93708.0}
2025-06-03 16:31:43,420 - INFO - [4H] BTC-USDT-SWAP 趋势=uptrend, OB={'top': 94390.0, 'bottom': 93708.0}
2025-06-03 16:31:44,646 - INFO - [4H] 识别到趋势: uptrend, OB: {'top': 94390.0, 'bottom': 93708.0}
2025-06-03 16:31:44,647 - INFO - [4H] BTC-USDT-SWAP 趋势=uptrend, OB={'top': 94390.0, 'bottom': 93708.0}
2025-06-03 16:31:47,496 - INFO - [4H] 识别到趋势: uptrend, OB: {'top': 94390.0, 'bottom': 93708.0}
2025-06-03 16:31:47,496 - INFO - [4H] BTC-USDT-SWAP 趋势=uptrend, OB={'top': 94390.0, 'bottom': 93708.0}
2025-06-03 16:31:49,762 - INFO - [4H] 识别到趋势: uptrend, OB: {'top': 94390.0, 'bottom': 93708.0}
2025-06-03 16:31:49,763 - INFO - [4H] BTC-USDT-SWAP 趋势=uptrend, OB={'top': 94390.0, 'bottom': 93708.0}
2025-06-03 16:31:51,062 - INFO - [4H] 识别到趋势: uptrend, OB: {'top': 94390.0, 'bottom': 93708.0}
2025-06-03 16:31:51,062 - INFO - [4H] BTC-USDT-SWAP 趋势=uptrend, OB={'top': 94390.0, 'bottom': 93708.0}
2025-06-03 16:31:52,789 - INFO - [4H] 识别到趋势: uptrend, OB: {'top': 94390.0, 'bottom': 93708.0}
2025-06-03 16:31:52,789 - INFO - [4H] BTC-USDT-SWAP 趋势=uptrend, OB={'top': 94390.0, 'bottom': 93708.0}
2025-06-03 16:31:54,240 - INFO - [4H] 识别到趋势: uptrend, OB: {'top': 96806.0, 'bottom': 96490.0}
2025-06-03 16:31:54,241 - INFO - [4H] BTC-USDT-SWAP 趋势=uptrend, OB={'top': 96806.0, 'bottom': 96490.0}
2025-06-03 16:31:55,703 - INFO - [4H] 识别到趋势: uptrend, OB: {'top': 96806.0, 'bottom': 96490.0}
2025-06-03 16:31:55,704 - INFO - [4H] BTC-USDT-SWAP 趋势=uptrend, OB={'top': 96806.0, 'bottom': 96490.0}
2025-06-03 16:31:56,961 - INFO - [4H] 识别到趋势: uptrend, OB: {'top': 96806.0, 'bottom': 96490.0}
2025-06-03 16:31:56,961 - INFO - [4H] BTC-USDT-SWAP 趋势=uptrend, OB={'top': 96806.0, 'bottom': 96490.0}
2025-06-03 16:31:58,913 - INFO - [4H] 识别到趋势: uptrend, OB: {'top': 96806.0, 'bottom': 96490.0}
2025-06-03 16:31:58,913 - INFO - [4H] BTC-USDT-SWAP 趋势=uptrend, OB={'top': 96806.0, 'bottom': 96490.0}
2025-06-03 16:32:00,481 - INFO - [4H] 识别到趋势: uptrend, OB: {'top': 96806.0, 'bottom': 96490.0}
2025-06-03 16:32:00,482 - INFO - [4H] BTC-USDT-SWAP 趋势=uptrend, OB={'top': 96806.0, 'bottom': 96490.0}
2025-06-03 16:32:03,431 - INFO - [4H] 识别到趋势: downtrend, OB: {'top': 96873.0, 'bottom': 96323.1}
2025-06-03 16:32:03,431 - INFO - [4H] BTC-USDT-SWAP 趋势=downtrend, OB={'top': 96873.0, 'bottom': 96323.1}
2025-06-03 16:32:08,826 - INFO - [4H] 识别到趋势: downtrend, OB: {'top': 96873.0, 'bottom': 96323.1}
2025-06-03 16:32:08,827 - INFO - [4H] BTC-USDT-SWAP 趋势=downtrend, OB={'top': 96873.0, 'bottom': 96323.1}
2025-06-03 16:32:10,119 - INFO - [4H] 识别到趋势: downtrend, OB: {'top': 96873.0, 'bottom': 96323.1}
2025-06-03 16:32:10,119 - INFO - [4H] BTC-USDT-SWAP 趋势=downtrend, OB={'top': 96873.0, 'bottom': 96323.1}
2025-06-03 16:32:11,552 - INFO - [4H] 识别到趋势: downtrend, OB: {'top': 96873.0, 'bottom': 96323.1}
2025-06-03 16:32:11,552 - INFO - [4H] BTC-USDT-SWAP 趋势=downtrend, OB={'top': 96873.0, 'bottom': 96323.1}
2025-06-03 16:32:12,663 - INFO - [4H] 识别到趋势: downtrend, OB: {'top': 96294.7, 'bottom': 96280.2}
2025-06-03 16:32:12,663 - INFO - [4H] BTC-USDT-SWAP 趋势=downtrend, OB={'top': 96294.7, 'bottom': 96280.2}
2025-06-03 16:32:14,207 - INFO - [4H] 识别到趋势: downtrend, OB: {'top': 96294.7, 'bottom': 96280.2}
2025-06-03 16:32:14,207 - INFO - [4H] BTC-USDT-SWAP 趋势=downtrend, OB={'top': 96294.7, 'bottom': 96280.2}
2025-06-03 16:32:15,692 - INFO - [4H] 识别到趋势: downtrend, OB: {'top': 96294.7, 'bottom': 96280.2}
2025-06-03 16:32:15,693 - INFO - [4H] BTC-USDT-SWAP 趋势=downtrend, OB={'top': 96294.7, 'bottom': 96280.2}
2025-06-03 16:32:17,601 - INFO - [4H] 识别到趋势: downtrend, OB: {'top': 96294.7, 'bottom': 96280.2}
2025-06-03 16:32:17,601 - INFO - [4H] BTC-USDT-SWAP 趋势=downtrend, OB={'top': 96294.7, 'bottom': 96280.2}
2025-06-03 16:32:19,839 - INFO - [4H] 识别到趋势: downtrend, OB: {'top': 96294.7, 'bottom': 96280.2}
2025-06-03 16:32:19,839 - INFO - [4H] BTC-USDT-SWAP 趋势=downtrend, OB={'top': 96294.7, 'bottom': 96280.2}
2025-06-03 16:32:21,565 - INFO - [4H] 识别到趋势: downtrend, OB: {'top': 96294.7, 'bottom': 96280.2}
2025-06-03 16:32:21,565 - INFO - [4H] BTC-USDT-SWAP 趋势=downtrend, OB={'top': 96294.7, 'bottom': 96280.2}
2025-06-03 16:32:22,873 - INFO - [4H] 识别到趋势: downtrend, OB: {'top': 95542.1, 'bottom': 95415.2}
2025-06-03 16:32:22,873 - INFO - [4H] BTC-USDT-SWAP 趋势=downtrend, OB={'top': 95542.1, 'bottom': 95415.2}
2025-06-03 16:32:24,566 - INFO - [4H] 识别到趋势: downtrend, OB: {'top': 95542.1, 'bottom': 95415.2}
2025-06-03 16:32:24,566 - INFO - [4H] BTC-USDT-SWAP 趋势=downtrend, OB={'top': 95542.1, 'bottom': 95415.2}
2025-06-03 16:32:27,196 - INFO - [4H] 识别到趋势: downtrend, OB: {'top': 95542.1, 'bottom': 95415.2}
2025-06-03 16:32:27,197 - INFO - [4H] BTC-USDT-SWAP 趋势=downtrend, OB={'top': 95542.1, 'bottom': 95415.2}
2025-06-03 16:32:29,544 - INFO - [4H] 识别到趋势: downtrend, OB: {'top': 95542.1, 'bottom': 95415.2}
2025-06-03 16:32:29,545 - INFO - [4H] BTC-USDT-SWAP 趋势=downtrend, OB={'top': 95542.1, 'bottom': 95415.2}
2025-06-03 16:32:31,040 - INFO - [4H] 识别到趋势: downtrend, OB: {'top': 95542.1, 'bottom': 95415.2}
2025-06-03 16:32:31,040 - INFO - [4H] BTC-USDT-SWAP 趋势=downtrend, OB={'top': 95542.1, 'bottom': 95415.2}
2025-06-03 16:32:32,315 - INFO - [4H] 识别到趋势: downtrend, OB: {'top': 95542.1, 'bottom': 95415.2}
2025-06-03 16:32:32,315 - INFO - [4H] BTC-USDT-SWAP 趋势=downtrend, OB={'top': 95542.1, 'bottom': 95415.2}
2025-06-03 16:32:33,833 - INFO - [4H] 识别到趋势: downtrend, OB: {'top': 95542.1, 'bottom': 95415.2}
2025-06-03 16:32:33,833 - INFO - [4H] BTC-USDT-SWAP 趋势=downtrend, OB={'top': 95542.1, 'bottom': 95415.2}
2025-06-03 16:32:35,055 - INFO - [4H] 识别到趋势: downtrend, OB: {'top': 95542.1, 'bottom': 95415.2}
2025-06-03 16:32:35,056 - INFO - [4H] BTC-USDT-SWAP 趋势=downtrend, OB={'top': 95542.1, 'bottom': 95415.2}
2025-06-03 16:32:36,294 - INFO - [4H] 识别到趋势: downtrend, OB: {'top': 95542.1, 'bottom': 95415.2}
2025-06-03 16:32:36,294 - INFO - [4H] BTC-USDT-SWAP 趋势=downtrend, OB={'top': 95542.1, 'bottom': 95415.2}
2025-06-03 16:32:38,409 - INFO - [4H] 识别到趋势: downtrend, OB: {'top': 94300.0, 'bottom': 93733.9}
2025-06-03 16:32:38,409 - INFO - [4H] BTC-USDT-SWAP 趋势=downtrend, OB={'top': 94300.0, 'bottom': 93733.9}
2025-06-03 16:32:40,267 - INFO - [4H] 识别到趋势: downtrend, OB: {'top': 94300.0, 'bottom': 93733.9}
2025-06-03 16:32:40,267 - INFO - [4H] BTC-USDT-SWAP 趋势=downtrend, OB={'top': 94300.0, 'bottom': 93733.9}
2025-06-03 16:32:41,500 - INFO - [4H] 识别到趋势: downtrend, OB: {'top': 94300.0, 'bottom': 93733.9}
2025-06-03 16:32:41,500 - INFO - [4H] BTC-USDT-SWAP 趋势=downtrend, OB={'top': 94300.0, 'bottom': 93733.9}
2025-06-03 16:32:43,521 - INFO - [4H] 识别到趋势: uptrend, OB: {'top': 94344.1, 'bottom': 93773.0}
2025-06-03 16:32:43,521 - INFO - [4H] BTC-USDT-SWAP 趋势=uptrend, OB={'top': 94344.1, 'bottom': 93773.0}
2025-06-03 16:32:46,451 - INFO - [4H] 识别到趋势: uptrend, OB: {'top': 94344.1, 'bottom': 93773.0}
2025-06-03 16:32:46,452 - INFO - [4H] BTC-USDT-SWAP 趋势=uptrend, OB={'top': 94344.1, 'bottom': 93773.0}
2025-06-03 16:32:48,085 - INFO - [4H] 识别到趋势: uptrend, OB: {'top': 94344.1, 'bottom': 93773.0}
2025-06-03 16:32:48,085 - INFO - [4H] BTC-USDT-SWAP 趋势=uptrend, OB={'top': 94344.1, 'bottom': 93773.0}
2025-06-03 16:32:49,280 - INFO - [4H] 识别到趋势: uptrend, OB: {'top': 94344.1, 'bottom': 93773.0}
2025-06-03 16:32:49,280 - INFO - [4H] BTC-USDT-SWAP 趋势=uptrend, OB={'top': 94344.1, 'bottom': 93773.0}
2025-06-03 16:32:50,581 - INFO - [4H] 识别到趋势: uptrend, OB: {'top': 94344.1, 'bottom': 93773.0}
2025-06-03 16:32:50,581 - INFO - [4H] BTC-USDT-SWAP 趋势=uptrend, OB={'top': 94344.1, 'bottom': 93773.0}
2025-06-03 16:32:52,000 - INFO - [4H] 识别到趋势: uptrend, OB: {'top': 94344.1, 'bottom': 93773.0}
2025-06-03 16:32:52,000 - INFO - [4H] BTC-USDT-SWAP 趋势=uptrend, OB={'top': 94344.1, 'bottom': 93773.0}
2025-06-03 16:32:54,399 - INFO - [4H] 识别到趋势: uptrend, OB: {'top': 94344.1, 'bottom': 93773.0}
2025-06-03 16:32:54,400 - INFO - [4H] BTC-USDT-SWAP 趋势=uptrend, OB={'top': 94344.1, 'bottom': 93773.0}
2025-06-03 16:32:56,481 - INFO - [4H] 识别到趋势: uptrend, OB: {'top': 94344.1, 'bottom': 93773.0}
2025-06-03 16:32:56,481 - INFO - [4H] BTC-USDT-SWAP 趋势=uptrend, OB={'top': 94344.1, 'bottom': 93773.0}
2025-06-03 16:33:00,670 - INFO - [4H] 识别到趋势: uptrend, OB: {'top': 94344.1, 'bottom': 93773.0}
2025-06-03 16:33:00,670 - INFO - [4H] BTC-USDT-SWAP 趋势=uptrend, OB={'top': 94344.1, 'bottom': 93773.0}
2025-06-03 16:33:02,240 - INFO - [4H] 识别到趋势: uptrend, OB: {'top': 94344.1, 'bottom': 93773.0}
2025-06-03 16:33:02,240 - INFO - [4H] BTC-USDT-SWAP 趋势=uptrend, OB={'top': 94344.1, 'bottom': 93773.0}
2025-06-03 16:33:03,433 - INFO - [4H] 识别到趋势: uptrend, OB: {'top': 94344.1, 'bottom': 93773.0}
2025-06-03 16:33:03,434 - INFO - [4H] BTC-USDT-SWAP 趋势=uptrend, OB={'top': 94344.1, 'bottom': 93773.0}
2025-06-03 16:33:04,961 - INFO - [4H] 识别到趋势: uptrend, OB: {'top': 96996.7, 'bottom': 96896.0}
2025-06-03 16:33:04,961 - INFO - [4H] BTC-USDT-SWAP 趋势=uptrend, OB={'top': 96996.7, 'bottom': 96896.0}
2025-06-03 16:33:06,235 - INFO - [4H] 识别到趋势: uptrend, OB: {'top': 96996.7, 'bottom': 96896.0}
2025-06-03 16:33:06,235 - INFO - [4H] BTC-USDT-SWAP 趋势=uptrend, OB={'top': 96996.7, 'bottom': 96896.0}
2025-06-03 16:33:07,612 - INFO - [4H] 识别到趋势: uptrend, OB: {'top': 96996.7, 'bottom': 96896.0}
2025-06-03 16:33:07,612 - INFO - [4H] BTC-USDT-SWAP 趋势=uptrend, OB={'top': 96996.7, 'bottom': 96896.0}
2025-06-03 16:33:09,207 - INFO - [4H] 识别到趋势: uptrend, OB: {'top': 96996.7, 'bottom': 96896.0}
2025-06-03 16:33:09,208 - INFO - [4H] BTC-USDT-SWAP 趋势=uptrend, OB={'top': 96996.7, 'bottom': 96896.0}
2025-06-03 16:33:10,544 - INFO - [4H] 识别到趋势: uptrend, OB: {'top': 96996.7, 'bottom': 96896.0}
2025-06-03 16:33:10,544 - INFO - [4H] BTC-USDT-SWAP 趋势=uptrend, OB={'top': 96996.7, 'bottom': 96896.0}
2025-06-03 16:33:12,480 - INFO - [4H] 识别到趋势: uptrend, OB: {'top': 96996.7, 'bottom': 96896.0}
2025-06-03 16:33:12,480 - INFO - [4H] BTC-USDT-SWAP 趋势=uptrend, OB={'top': 96996.7, 'bottom': 96896.0}
2025-06-03 16:33:13,760 - INFO - [4H] 识别到趋势: uptrend, OB: {'top': 96996.7, 'bottom': 96896.0}
2025-06-03 16:33:13,760 - INFO - [4H] BTC-USDT-SWAP 趋势=uptrend, OB={'top': 96996.7, 'bottom': 96896.0}
2025-06-03 16:33:15,039 - INFO - [4H] 识别到趋势: uptrend, OB: {'top': 96996.7, 'bottom': 96896.0}
2025-06-03 16:33:15,039 - INFO - [4H] BTC-USDT-SWAP 趋势=uptrend, OB={'top': 96996.7, 'bottom': 96896.0}
2025-06-03 16:33:16,639 - INFO - [4H] 识别到趋势: uptrend, OB: {'top': 96996.7, 'bottom': 96896.0}
2025-06-03 16:33:16,639 - INFO - [4H] BTC-USDT-SWAP 趋势=uptrend, OB={'top': 96996.7, 'bottom': 96896.0}
2025-06-03 16:33:18,240 - INFO - [4H] 识别到趋势: uptrend, OB: {'top': 96996.7, 'bottom': 96896.0}
2025-06-03 16:33:18,240 - INFO - [4H] BTC-USDT-SWAP 趋势=uptrend, OB={'top': 96996.7, 'bottom': 96896.0}
2025-06-03 16:33:19,840 - INFO - [4H] 识别到趋势: uptrend, OB: {'top': 96996.7, 'bottom': 96896.0}
2025-06-03 16:33:19,841 - INFO - [4H] BTC-USDT-SWAP 趋势=uptrend, OB={'top': 96996.7, 'bottom': 96896.0}
2025-06-03 16:33:21,576 - INFO - [4H] 识别到趋势: uptrend, OB: {'top': 96996.7, 'bottom': 96896.0}
2025-06-03 16:33:21,577 - INFO - [4H] BTC-USDT-SWAP 趋势=uptrend, OB={'top': 96996.7, 'bottom': 96896.0}
2025-06-03 16:33:23,039 - INFO - [4H] 识别到趋势: uptrend, OB: {'top': 102909.0, 'bottom': 102848.5}
2025-06-03 16:33:23,040 - INFO - [4H] BTC-USDT-SWAP 趋势=uptrend, OB={'top': 102909.0, 'bottom': 102848.5}
2025-06-03 16:33:25,794 - INFO - [4H] 识别到趋势: uptrend, OB: {'top': 102909.0, 'bottom': 102848.5}
2025-06-03 16:33:25,794 - INFO - [4H] BTC-USDT-SWAP 趋势=uptrend, OB={'top': 102909.0, 'bottom': 102848.5}
2025-06-03 16:33:26,951 - INFO - [4H] 识别到趋势: uptrend, OB: {'top': 102909.0, 'bottom': 102848.5}
2025-06-03 16:33:26,951 - INFO - [4H] BTC-USDT-SWAP 趋势=uptrend, OB={'top': 102909.0, 'bottom': 102848.5}
2025-06-03 16:33:28,183 - INFO - [4H] 识别到趋势: uptrend, OB: {'top': 102909.0, 'bottom': 102848.5}
2025-06-03 16:33:28,184 - INFO - [4H] BTC-USDT-SWAP 趋势=uptrend, OB={'top': 102909.0, 'bottom': 102848.5}
2025-06-03 16:33:29,643 - INFO - [4H] 识别到趋势: uptrend, OB: {'top': 102909.0, 'bottom': 102848.5}
2025-06-03 16:33:29,643 - INFO - [4H] BTC-USDT-SWAP 趋势=uptrend, OB={'top': 102909.0, 'bottom': 102848.5}
2025-06-03 16:33:30,763 - INFO - [4H] 识别到趋势: uptrend, OB: {'top': 102909.0, 'bottom': 102848.5}
2025-06-03 16:33:30,763 - INFO - [4H] BTC-USDT-SWAP 趋势=uptrend, OB={'top': 102909.0, 'bottom': 102848.5}
2025-06-03 16:33:32,534 - INFO - [4H] 识别到趋势: uptrend, OB: {'top': 102909.0, 'bottom': 102848.5}
2025-06-03 16:33:32,534 - INFO - [4H] BTC-USDT-SWAP 趋势=uptrend, OB={'top': 102909.0, 'bottom': 102848.5}
2025-06-03 16:33:34,559 - INFO - [4H] 识别到趋势: uptrend, OB: {'top': 102909.0, 'bottom': 102848.5}
2025-06-03 16:33:34,560 - INFO - [4H] BTC-USDT-SWAP 趋势=uptrend, OB={'top': 102909.0, 'bottom': 102848.5}
2025-06-03 16:33:36,318 - INFO - [4H] 识别到趋势: uptrend, OB: {'top': 104787.3, 'bottom': 103948.0}
2025-06-03 16:33:36,319 - INFO - [4H] BTC-USDT-SWAP 趋势=uptrend, OB={'top': 104787.3, 'bottom': 103948.0}
2025-06-03 16:33:37,605 - INFO - [4H] 识别到趋势: uptrend, OB: {'top': 104787.3, 'bottom': 103948.0}
2025-06-03 16:33:37,605 - INFO - [4H] BTC-USDT-SWAP 趋势=uptrend, OB={'top': 104787.3, 'bottom': 103948.0}
2025-06-03 16:33:39,105 - INFO - [4H] 识别到趋势: uptrend, OB: {'top': 104787.3, 'bottom': 103948.0}
2025-06-03 16:33:39,106 - INFO - [4H] BTC-USDT-SWAP 趋势=uptrend, OB={'top': 104787.3, 'bottom': 103948.0}
2025-06-03 16:33:41,196 - INFO - [4H] 识别到趋势: downtrend, OB: {'top': 104375.1, 'bottom': 104088.1}
2025-06-03 16:33:41,196 - INFO - [4H] BTC-USDT-SWAP 趋势=downtrend, OB={'top': 104375.1, 'bottom': 104088.1}
2025-06-03 16:33:42,941 - INFO - [4H] 识别到趋势: downtrend, OB: {'top': 104375.1, 'bottom': 104088.1}
2025-06-03 16:33:42,941 - INFO - [4H] BTC-USDT-SWAP 趋势=downtrend, OB={'top': 104375.1, 'bottom': 104088.1}
2025-06-03 16:33:44,728 - INFO - [4H] 识别到趋势: downtrend, OB: {'top': 104375.1, 'bottom': 104088.1}
2025-06-03 16:33:44,728 - INFO - [4H] BTC-USDT-SWAP 趋势=downtrend, OB={'top': 104375.1, 'bottom': 104088.1}
2025-06-03 16:33:45,995 - INFO - [4H] 识别到趋势: downtrend, OB: {'top': 104375.1, 'bottom': 104088.1}
2025-06-03 16:33:45,996 - INFO - [4H] BTC-USDT-SWAP 趋势=downtrend, OB={'top': 104375.1, 'bottom': 104088.1}
2025-06-03 16:33:47,360 - INFO - [4H] 识别到趋势: downtrend, OB: {'top': 104375.1, 'bottom': 104088.1}
2025-06-03 16:33:47,360 - INFO - [4H] BTC-USDT-SWAP 趋势=downtrend, OB={'top': 104375.1, 'bottom': 104088.1}
2025-06-03 16:33:49,438 - INFO - [4H] 识别到趋势: downtrend, OB: {'top': 104375.1, 'bottom': 104088.1}
2025-06-03 16:33:49,438 - INFO - [4H] BTC-USDT-SWAP 趋势=downtrend, OB={'top': 104375.1, 'bottom': 104088.1}
2025-06-03 16:33:50,938 - INFO - [4H] 识别到趋势: downtrend, OB: {'top': 104375.1, 'bottom': 104088.1}
2025-06-03 16:33:50,939 - INFO - [4H] BTC-USDT-SWAP 趋势=downtrend, OB={'top': 104375.1, 'bottom': 104088.1}
2025-06-03 16:33:52,159 - INFO - [4H] 识别到趋势: downtrend, OB: {'top': 104375.1, 'bottom': 104088.1}
2025-06-03 16:33:52,159 - INFO - [4H] BTC-USDT-SWAP 趋势=downtrend, OB={'top': 104375.1, 'bottom': 104088.1}
2025-06-03 16:33:54,153 - INFO - [4H] 识别到趋势: downtrend, OB: {'top': 104375.1, 'bottom': 104088.1}
2025-06-03 16:33:54,154 - INFO - [4H] BTC-USDT-SWAP 趋势=downtrend, OB={'top': 104375.1, 'bottom': 104088.1}
2025-06-03 16:33:55,680 - INFO - [4H] 识别到趋势: downtrend, OB: {'top': 104375.1, 'bottom': 104088.1}
2025-06-03 16:33:55,680 - INFO - [4H] BTC-USDT-SWAP 趋势=downtrend, OB={'top': 104375.1, 'bottom': 104088.1}
2025-06-03 16:33:57,282 - INFO - [4H] 识别到趋势: downtrend, OB: {'top': 104375.1, 'bottom': 104088.1}
2025-06-03 16:33:57,283 - INFO - [4H] BTC-USDT-SWAP 趋势=downtrend, OB={'top': 104375.1, 'bottom': 104088.1}
2025-06-03 16:33:59,201 - INFO - [4H] 识别到趋势: downtrend, OB: {'top': 104375.1, 'bottom': 104088.1}
2025-06-03 16:33:59,201 - INFO - [4H] BTC-USDT-SWAP 趋势=downtrend, OB={'top': 104375.1, 'bottom': 104088.1}
2025-06-03 16:34:00,800 - INFO - [4H] 识别到趋势: downtrend, OB: {'top': 104375.1, 'bottom': 104088.1}
2025-06-03 16:34:00,800 - INFO - [4H] BTC-USDT-SWAP 趋势=downtrend, OB={'top': 104375.1, 'bottom': 104088.1}
2025-06-03 16:34:05,183 - INFO - [4H] 识别到趋势: downtrend, OB: {'top': 104375.1, 'bottom': 104088.1}
2025-06-03 16:34:05,183 - INFO - [4H] BTC-USDT-SWAP 趋势=downtrend, OB={'top': 104375.1, 'bottom': 104088.1}
2025-06-03 16:34:06,553 - INFO - [4H] 识别到趋势: downtrend, OB: {'top': 104375.1, 'bottom': 104088.1}
2025-06-03 16:34:06,554 - INFO - [4H] BTC-USDT-SWAP 趋势=downtrend, OB={'top': 104375.1, 'bottom': 104088.1}
2025-06-03 16:34:08,160 - INFO - [4H] 识别到趋势: downtrend, OB: {'top': 104375.1, 'bottom': 104088.1}
2025-06-03 16:34:08,160 - INFO - [4H] BTC-USDT-SWAP 趋势=downtrend, OB={'top': 104375.1, 'bottom': 104088.1}
2025-06-03 16:34:09,765 - INFO - [4H] 识别到趋势: downtrend, OB: {'top': 104375.1, 'bottom': 104088.1}
2025-06-03 16:34:09,766 - INFO - [4H] BTC-USDT-SWAP 趋势=downtrend, OB={'top': 104375.1, 'bottom': 104088.1}
2025-06-03 16:34:11,607 - INFO - [4H] 识别到趋势: downtrend, OB: {'top': 104375.1, 'bottom': 104088.1}
2025-06-03 16:34:11,607 - INFO - [4H] BTC-USDT-SWAP 趋势=downtrend, OB={'top': 104375.1, 'bottom': 104088.1}
2025-06-03 16:34:14,720 - INFO - [4H] 识别到趋势: downtrend, OB: {'top': 104375.1, 'bottom': 104088.1}
2025-06-03 16:34:14,720 - INFO - [4H] BTC-USDT-SWAP 趋势=downtrend, OB={'top': 104375.1, 'bottom': 104088.1}
2025-06-03 16:34:17,292 - INFO - [4H] 识别到趋势: downtrend, OB: {'top': 104375.1, 'bottom': 104088.1}
2025-06-03 16:34:17,292 - INFO - [4H] BTC-USDT-SWAP 趋势=downtrend, OB={'top': 104375.1, 'bottom': 104088.1}
2025-06-03 16:34:18,595 - INFO - [4H] 识别到趋势: downtrend, OB: {'top': 104375.1, 'bottom': 104088.1}
2025-06-03 16:34:18,595 - INFO - [4H] BTC-USDT-SWAP 趋势=downtrend, OB={'top': 104375.1, 'bottom': 104088.1}
2025-06-03 16:34:20,020 - INFO - [4H] 识别到趋势: downtrend, OB: {'top': 104375.1, 'bottom': 104088.1}
2025-06-03 16:34:20,021 - INFO - [4H] BTC-USDT-SWAP 趋势=downtrend, OB={'top': 104375.1, 'bottom': 104088.1}
2025-06-03 16:34:22,028 - INFO - [4H] 识别到趋势: downtrend, OB: {'top': 104375.1, 'bottom': 104088.1}
2025-06-03 16:34:22,028 - INFO - [4H] BTC-USDT-SWAP 趋势=downtrend, OB={'top': 104375.1, 'bottom': 104088.1}
2025-06-03 16:34:24,371 - INFO - [4H] 识别到趋势: downtrend, OB: {'top': 104375.1, 'bottom': 104088.1}
2025-06-03 16:34:24,371 - INFO - [4H] BTC-USDT-SWAP 趋势=downtrend, OB={'top': 104375.1, 'bottom': 104088.1}
2025-06-03 16:34:25,819 - INFO - [4H] 识别到趋势: downtrend, OB: {'top': 104375.1, 'bottom': 104088.1}
2025-06-03 16:34:25,819 - INFO - [4H] BTC-USDT-SWAP 趋势=downtrend, OB={'top': 104375.1, 'bottom': 104088.1}
2025-06-03 16:34:27,781 - INFO - [4H] 识别到趋势: downtrend, OB: {'top': 104375.1, 'bottom': 104088.1}
2025-06-03 16:34:27,781 - INFO - [4H] BTC-USDT-SWAP 趋势=downtrend, OB={'top': 104375.1, 'bottom': 104088.1}
2025-06-03 16:34:29,332 - INFO - [4H] 识别到趋势: downtrend, OB: {'top': 104375.1, 'bottom': 104088.1}
2025-06-03 16:34:29,332 - INFO - [4H] BTC-USDT-SWAP 趋势=downtrend, OB={'top': 104375.1, 'bottom': 104088.1}
2025-06-03 16:34:32,038 - INFO - [4H] 识别到趋势: downtrend, OB: {'top': 104375.1, 'bottom': 104088.1}
2025-06-03 16:34:32,038 - INFO - [4H] BTC-USDT-SWAP 趋势=downtrend, OB={'top': 104375.1, 'bottom': 104088.1}
2025-06-03 16:34:33,285 - INFO - [4H] 识别到趋势: downtrend, OB: {'top': 104375.1, 'bottom': 104088.1}
2025-06-03 16:34:33,285 - INFO - [4H] BTC-USDT-SWAP 趋势=downtrend, OB={'top': 104375.1, 'bottom': 104088.1}
2025-06-03 16:34:34,476 - INFO - [4H] 识别到趋势: downtrend, OB: {'top': 104375.1, 'bottom': 104088.1}
2025-06-03 16:34:34,476 - INFO - [4H] BTC-USDT-SWAP 趋势=downtrend, OB={'top': 104375.1, 'bottom': 104088.1}
2025-06-03 16:34:36,480 - INFO - [4H] 识别到趋势: downtrend, OB: {'top': 104375.1, 'bottom': 104088.1}
2025-06-03 16:34:36,480 - INFO - [4H] BTC-USDT-SWAP 趋势=downtrend, OB={'top': 104375.1, 'bottom': 104088.1}
2025-06-03 16:34:38,086 - INFO - [4H] 识别到趋势: downtrend, OB: {'top': 104375.1, 'bottom': 104088.1}
2025-06-03 16:34:38,086 - INFO - [4H] BTC-USDT-SWAP 趋势=downtrend, OB={'top': 104375.1, 'bottom': 104088.1}
2025-06-03 16:34:39,554 - INFO - [4H] 识别到趋势: downtrend, OB: {'top': 104375.1, 'bottom': 104088.1}
2025-06-03 16:34:39,554 - INFO - [4H] BTC-USDT-SWAP 趋势=downtrend, OB={'top': 104375.1, 'bottom': 104088.1}
2025-06-03 16:34:41,433 - INFO - [4H] 识别到趋势: downtrend, OB: {'top': 104375.1, 'bottom': 104088.1}
2025-06-03 16:34:41,434 - INFO - [4H] BTC-USDT-SWAP 趋势=downtrend, OB={'top': 104375.1, 'bottom': 104088.1}
2025-06-03 16:34:42,987 - INFO - [4H] 识别到趋势: downtrend, OB: {'top': 104375.1, 'bottom': 104088.1}
2025-06-03 16:34:42,988 - INFO - [4H] BTC-USDT-SWAP 趋势=downtrend, OB={'top': 104375.1, 'bottom': 104088.1}
2025-06-03 16:34:45,198 - INFO - [4H] 识别到趋势: downtrend, OB: {'top': 104375.1, 'bottom': 104088.1}
2025-06-03 16:34:45,198 - INFO - [4H] BTC-USDT-SWAP 趋势=downtrend, OB={'top': 104375.1, 'bottom': 104088.1}
2025-06-03 16:34:51,785 - INFO - [4H] 识别到趋势: downtrend, OB: {'top': 104375.1, 'bottom': 104088.1}
2025-06-03 16:34:51,786 - INFO - [4H] BTC-USDT-SWAP 趋势=downtrend, OB={'top': 104375.1, 'bottom': 104088.1}
2025-06-03 16:34:54,666 - INFO - [4H] 识别到趋势: downtrend, OB: {'top': 104375.1, 'bottom': 104088.1}
2025-06-03 16:34:54,666 - INFO - [4H] BTC-USDT-SWAP 趋势=downtrend, OB={'top': 104375.1, 'bottom': 104088.1}
2025-06-03 16:34:56,300 - INFO - [4H] 识别到趋势: uptrend, OB: {'top': 105480.6, 'bottom': 103835.7}
2025-06-03 16:34:56,300 - INFO - [4H] BTC-USDT-SWAP 趋势=uptrend, OB={'top': 105480.6, 'bottom': 103835.7}
2025-06-03 16:34:57,519 - INFO - [4H] 识别到趋势: downtrend, OB: {'top': 106435.0, 'bottom': 103835.7}
2025-06-03 16:34:57,520 - INFO - [4H] BTC-USDT-SWAP 趋势=downtrend, OB={'top': 106435.0, 'bottom': 103835.7}
2025-06-03 16:34:59,363 - INFO - [4H] 识别到趋势: downtrend, OB: {'top': 106435.0, 'bottom': 103835.7}
2025-06-03 16:34:59,363 - INFO - [4H] BTC-USDT-SWAP 趋势=downtrend, OB={'top': 106435.0, 'bottom': 103835.7}
2025-06-03 16:35:01,676 - INFO - [4H] 识别到趋势: downtrend, OB: {'top': 106435.0, 'bottom': 103835.7}
2025-06-03 16:35:01,676 - INFO - [4H] BTC-USDT-SWAP 趋势=downtrend, OB={'top': 106435.0, 'bottom': 103835.7}
2025-06-03 16:42:27,601 - INFO - [4H] 识别到趋势: uptrend, OB: {'top': 92659.3, 'bottom': 92185.4}
2025-06-03 16:42:27,602 - INFO - [4H] BTC-USDT-SWAP 2025-05-01 12:00  趋势=uptrend, OB={'top': 92659.3, 'bottom': 92185.4}
2025-06-03 16:42:28,855 - INFO - [4H] 识别到趋势: uptrend, OB: {'top': 92659.3, 'bottom': 92185.4}
2025-06-03 16:42:28,855 - INFO - [4H] BTC-USDT-SWAP 2025-05-01 16:00  趋势=uptrend, OB={'top': 92659.3, 'bottom': 92185.4}
2025-06-03 16:42:30,656 - INFO - [4H] 识别到趋势: uptrend, OB: {'top': 92659.3, 'bottom': 92185.4}
2025-06-03 16:42:30,657 - INFO - [4H] BTC-USDT-SWAP 2025-05-01 20:00  趋势=uptrend, OB={'top': 92659.3, 'bottom': 92185.4}
2025-06-03 16:42:32,850 - INFO - [4H] 识别到趋势: uptrend, OB: {'top': 94390.0, 'bottom': 93708.0}
2025-06-03 16:42:32,850 - INFO - [4H] BTC-USDT-SWAP 2025-05-02 00:00  趋势=uptrend, OB={'top': 94390.0, 'bottom': 93708.0}
2025-06-03 16:42:34,366 - INFO - [4H] 识别到趋势: uptrend, OB: {'top': 94390.0, 'bottom': 93708.0}
2025-06-03 16:42:34,367 - INFO - [4H] BTC-USDT-SWAP 2025-05-02 04:00  趋势=uptrend, OB={'top': 94390.0, 'bottom': 93708.0}
2025-06-03 16:42:36,441 - INFO - [4H] 识别到趋势: uptrend, OB: {'top': 94390.0, 'bottom': 93708.0}
2025-06-03 16:42:36,441 - INFO - [4H] BTC-USDT-SWAP 2025-05-02 08:00  趋势=uptrend, OB={'top': 94390.0, 'bottom': 93708.0}
2025-06-03 16:42:37,936 - INFO - [4H] 识别到趋势: uptrend, OB: {'top': 94390.0, 'bottom': 93708.0}
2025-06-03 16:42:37,936 - INFO - [4H] BTC-USDT-SWAP 2025-05-02 12:00  趋势=uptrend, OB={'top': 94390.0, 'bottom': 93708.0}
2025-06-03 16:42:38,966 - INFO - [4H] 识别到趋势: uptrend, OB: {'top': 94390.0, 'bottom': 93708.0}
2025-06-03 16:42:38,967 - INFO - [4H] BTC-USDT-SWAP 2025-05-02 16:00  趋势=uptrend, OB={'top': 94390.0, 'bottom': 93708.0}
2025-06-03 16:42:40,316 - INFO - [4H] 识别到趋势: uptrend, OB: {'top': 94390.0, 'bottom': 93708.0}
2025-06-03 16:42:40,316 - INFO - [4H] BTC-USDT-SWAP 2025-05-02 20:00  趋势=uptrend, OB={'top': 94390.0, 'bottom': 93708.0}
2025-06-03 16:42:45,652 - INFO - [4H] 识别到趋势: uptrend, OB: {'top': 96806.0, 'bottom': 96490.0}
2025-06-03 16:42:45,653 - INFO - [4H] BTC-USDT-SWAP 2025-05-03 00:00  趋势=uptrend, OB={'top': 96806.0, 'bottom': 96490.0}
2025-06-03 16:42:50,242 - INFO - [4H] 识别到趋势: uptrend, OB: {'top': 96806.0, 'bottom': 96490.0}
2025-06-03 16:42:50,242 - INFO - [4H] BTC-USDT-SWAP 2025-05-03 04:00  趋势=uptrend, OB={'top': 96806.0, 'bottom': 96490.0}
2025-06-03 16:42:51,523 - INFO - [4H] 识别到趋势: uptrend, OB: {'top': 96806.0, 'bottom': 96490.0}
2025-06-03 16:42:51,523 - INFO - [4H] BTC-USDT-SWAP 2025-05-03 08:00  趋势=uptrend, OB={'top': 96806.0, 'bottom': 96490.0}
2025-06-03 16:42:52,803 - INFO - [4H] 识别到趋势: uptrend, OB: {'top': 96806.0, 'bottom': 96490.0}
2025-06-03 16:42:52,803 - INFO - [4H] BTC-USDT-SWAP 2025-05-03 12:00  趋势=uptrend, OB={'top': 96806.0, 'bottom': 96490.0}
2025-06-03 16:42:54,249 - INFO - [4H] 识别到趋势: uptrend, OB: {'top': 96806.0, 'bottom': 96490.0}
2025-06-03 16:42:54,249 - INFO - [4H] BTC-USDT-SWAP 2025-05-03 16:00  趋势=uptrend, OB={'top': 96806.0, 'bottom': 96490.0}
2025-06-03 16:42:55,838 - INFO - [4H] 识别到趋势: downtrend, OB: {'top': 96873.0, 'bottom': 96323.1}
2025-06-03 16:42:55,838 - INFO - [4H] BTC-USDT-SWAP 2025-05-03 20:00  趋势=downtrend, OB={'top': 96873.0, 'bottom': 96323.1}
2025-06-03 16:42:58,167 - INFO - [4H] 识别到趋势: downtrend, OB: {'top': 96873.0, 'bottom': 96323.1}
2025-06-03 16:42:58,167 - INFO - [4H] BTC-USDT-SWAP 2025-05-04 00:00  趋势=downtrend, OB={'top': 96873.0, 'bottom': 96323.1}
2025-06-03 16:42:59,563 - INFO - [4H] 识别到趋势: downtrend, OB: {'top': 96873.0, 'bottom': 96323.1}
2025-06-03 16:42:59,563 - INFO - [4H] BTC-USDT-SWAP 2025-05-04 04:00  趋势=downtrend, OB={'top': 96873.0, 'bottom': 96323.1}
2025-06-03 16:43:00,751 - INFO - [4H] 识别到趋势: downtrend, OB: {'top': 96873.0, 'bottom': 96323.1}
2025-06-03 16:43:00,751 - INFO - [4H] BTC-USDT-SWAP 2025-05-04 08:00  趋势=downtrend, OB={'top': 96873.0, 'bottom': 96323.1}
2025-06-03 16:43:01,966 - INFO - [4H] 识别到趋势: downtrend, OB: {'top': 96294.7, 'bottom': 96280.2}
2025-06-03 16:43:01,967 - INFO - [4H] BTC-USDT-SWAP 2025-05-04 12:00  趋势=downtrend, OB={'top': 96294.7, 'bottom': 96280.2}
2025-06-03 16:43:03,030 - INFO - [4H] 识别到趋势: downtrend, OB: {'top': 96294.7, 'bottom': 96280.2}
2025-06-03 16:43:03,030 - INFO - [4H] BTC-USDT-SWAP 2025-05-04 16:00  趋势=downtrend, OB={'top': 96294.7, 'bottom': 96280.2}
2025-06-03 16:43:05,095 - INFO - [4H] 识别到趋势: downtrend, OB: {'top': 96294.7, 'bottom': 96280.2}
2025-06-03 16:43:05,095 - INFO - [4H] BTC-USDT-SWAP 2025-05-04 20:00  趋势=downtrend, OB={'top': 96294.7, 'bottom': 96280.2}
2025-06-03 16:43:07,203 - INFO - [4H] 识别到趋势: downtrend, OB: {'top': 96294.7, 'bottom': 96280.2}
2025-06-03 16:43:07,203 - INFO - [4H] BTC-USDT-SWAP 2025-05-05 00:00  趋势=downtrend, OB={'top': 96294.7, 'bottom': 96280.2}
2025-06-03 16:43:08,423 - INFO - [4H] 识别到趋势: downtrend, OB: {'top': 96294.7, 'bottom': 96280.2}
2025-06-03 16:43:08,423 - INFO - [4H] BTC-USDT-SWAP 2025-05-05 04:00  趋势=downtrend, OB={'top': 96294.7, 'bottom': 96280.2}
2025-06-03 16:43:09,762 - INFO - [4H] 识别到趋势: downtrend, OB: {'top': 96294.7, 'bottom': 96280.2}
2025-06-03 16:43:09,763 - INFO - [4H] BTC-USDT-SWAP 2025-05-05 08:00  趋势=downtrend, OB={'top': 96294.7, 'bottom': 96280.2}
2025-06-03 16:43:10,817 - INFO - [4H] 识别到趋势: downtrend, OB: {'top': 95542.1, 'bottom': 95415.2}
2025-06-03 16:43:10,817 - INFO - [4H] BTC-USDT-SWAP 2025-05-05 12:00  趋势=downtrend, OB={'top': 95542.1, 'bottom': 95415.2}
2025-06-03 16:43:12,163 - INFO - [4H] 识别到趋势: downtrend, OB: {'top': 95542.1, 'bottom': 95415.2}
2025-06-03 16:43:12,163 - INFO - [4H] BTC-USDT-SWAP 2025-05-05 16:00  趋势=downtrend, OB={'top': 95542.1, 'bottom': 95415.2}
2025-06-03 16:43:17,949 - INFO - [4H] 识别到趋势: downtrend, OB: {'top': 95542.1, 'bottom': 95415.2}
2025-06-03 16:43:17,949 - INFO - [4H] BTC-USDT-SWAP 2025-05-05 20:00  趋势=downtrend, OB={'top': 95542.1, 'bottom': 95415.2}
2025-06-03 16:43:20,487 - INFO - [4H] 识别到趋势: downtrend, OB: {'top': 95542.1, 'bottom': 95415.2}
2025-06-03 16:43:20,488 - INFO - [4H] BTC-USDT-SWAP 2025-05-06 00:00  趋势=downtrend, OB={'top': 95542.1, 'bottom': 95415.2}
2025-06-03 16:43:21,946 - INFO - [4H] 识别到趋势: downtrend, OB: {'top': 95542.1, 'bottom': 95415.2}
2025-06-03 16:43:21,947 - INFO - [4H] BTC-USDT-SWAP 2025-05-06 04:00  趋势=downtrend, OB={'top': 95542.1, 'bottom': 95415.2}
2025-06-03 16:43:24,506 - INFO - [4H] 识别到趋势: downtrend, OB: {'top': 95542.1, 'bottom': 95415.2}
2025-06-03 16:43:24,506 - INFO - [4H] BTC-USDT-SWAP 2025-05-06 08:00  趋势=downtrend, OB={'top': 95542.1, 'bottom': 95415.2}
2025-06-03 16:43:25,907 - INFO - [4H] 识别到趋势: downtrend, OB: {'top': 95542.1, 'bottom': 95415.2}
2025-06-03 16:43:25,907 - INFO - [4H] BTC-USDT-SWAP 2025-05-06 12:00  趋势=downtrend, OB={'top': 95542.1, 'bottom': 95415.2}
2025-06-03 16:43:27,237 - INFO - [4H] 识别到趋势: downtrend, OB: {'top': 95542.1, 'bottom': 95415.2}
2025-06-03 16:43:27,237 - INFO - [4H] BTC-USDT-SWAP 2025-05-06 16:00  趋势=downtrend, OB={'top': 95542.1, 'bottom': 95415.2}
2025-06-03 16:43:28,663 - INFO - [4H] 识别到趋势: downtrend, OB: {'top': 95542.1, 'bottom': 95415.2}
2025-06-03 16:43:28,664 - INFO - [4H] BTC-USDT-SWAP 2025-05-06 20:00  趋势=downtrend, OB={'top': 95542.1, 'bottom': 95415.2}
2025-06-03 16:43:29,778 - INFO - [4H] 识别到趋势: downtrend, OB: {'top': 94300.0, 'bottom': 93733.9}
2025-06-03 16:43:29,778 - INFO - [4H] BTC-USDT-SWAP 2025-05-07 00:00  趋势=downtrend, OB={'top': 94300.0, 'bottom': 93733.9}
2025-06-03 16:43:31,299 - INFO - [4H] 识别到趋势: downtrend, OB: {'top': 94300.0, 'bottom': 93733.9}
2025-06-03 16:43:31,299 - INFO - [4H] BTC-USDT-SWAP 2025-05-07 04:00  趋势=downtrend, OB={'top': 94300.0, 'bottom': 93733.9}
2025-06-03 16:43:32,775 - INFO - [4H] 识别到趋势: downtrend, OB: {'top': 94300.0, 'bottom': 93733.9}
2025-06-03 16:43:32,776 - INFO - [4H] BTC-USDT-SWAP 2025-05-07 08:00  趋势=downtrend, OB={'top': 94300.0, 'bottom': 93733.9}
2025-06-03 16:43:36,350 - INFO - [4H] 识别到趋势: uptrend, OB: {'top': 94344.1, 'bottom': 93773.0}
2025-06-03 16:43:36,350 - INFO - [4H] BTC-USDT-SWAP 2025-05-07 12:00  趋势=uptrend, OB={'top': 94344.1, 'bottom': 93773.0}
2025-06-03 16:43:37,996 - INFO - [4H] 识别到趋势: uptrend, OB: {'top': 94344.1, 'bottom': 93773.0}
2025-06-03 16:43:37,996 - INFO - [4H] BTC-USDT-SWAP 2025-05-07 16:00  趋势=uptrend, OB={'top': 94344.1, 'bottom': 93773.0}
2025-06-03 16:43:39,165 - INFO - [4H] 识别到趋势: uptrend, OB: {'top': 94344.1, 'bottom': 93773.0}
2025-06-03 16:43:39,165 - INFO - [4H] BTC-USDT-SWAP 2025-05-07 20:00  趋势=uptrend, OB={'top': 94344.1, 'bottom': 93773.0}
2025-06-03 16:43:40,580 - INFO - [4H] 识别到趋势: uptrend, OB: {'top': 94344.1, 'bottom': 93773.0}
2025-06-03 16:43:40,580 - INFO - [4H] BTC-USDT-SWAP 2025-05-08 00:00  趋势=uptrend, OB={'top': 94344.1, 'bottom': 93773.0}
2025-06-03 16:43:42,081 - INFO - [4H] 识别到趋势: uptrend, OB: {'top': 94344.1, 'bottom': 93773.0}
2025-06-03 16:43:42,081 - INFO - [4H] BTC-USDT-SWAP 2025-05-08 04:00  趋势=uptrend, OB={'top': 94344.1, 'bottom': 93773.0}
2025-06-03 16:43:44,127 - INFO - [4H] 识别到趋势: uptrend, OB: {'top': 94344.1, 'bottom': 93773.0}
2025-06-03 16:43:44,127 - INFO - [4H] BTC-USDT-SWAP 2025-05-08 08:00  趋势=uptrend, OB={'top': 94344.1, 'bottom': 93773.0}
2025-06-03 16:43:45,635 - INFO - [4H] 识别到趋势: uptrend, OB: {'top': 94344.1, 'bottom': 93773.0}
2025-06-03 16:43:45,636 - INFO - [4H] BTC-USDT-SWAP 2025-05-08 12:00  趋势=uptrend, OB={'top': 94344.1, 'bottom': 93773.0}
2025-06-03 16:43:49,356 - INFO - [4H] 识别到趋势: uptrend, OB: {'top': 94344.1, 'bottom': 93773.0}
2025-06-03 16:43:49,357 - INFO - [4H] BTC-USDT-SWAP 2025-05-08 16:00  趋势=uptrend, OB={'top': 94344.1, 'bottom': 93773.0}
2025-06-03 16:43:53,479 - INFO - [4H] 识别到趋势: uptrend, OB: {'top': 94344.1, 'bottom': 93773.0}
2025-06-03 16:43:53,479 - INFO - [4H] BTC-USDT-SWAP 2025-05-08 20:00  趋势=uptrend, OB={'top': 94344.1, 'bottom': 93773.0}
2025-06-03 16:43:55,071 - INFO - [4H] 识别到趋势: uptrend, OB: {'top': 94344.1, 'bottom': 93773.0}
2025-06-03 16:43:55,072 - INFO - [4H] BTC-USDT-SWAP 2025-05-09 00:00  趋势=uptrend, OB={'top': 94344.1, 'bottom': 93773.0}
2025-06-03 16:43:56,480 - INFO - [4H] 识别到趋势: uptrend, OB: {'top': 94344.1, 'bottom': 93773.0}
2025-06-03 16:43:56,480 - INFO - [4H] BTC-USDT-SWAP 2025-05-09 04:00  趋势=uptrend, OB={'top': 94344.1, 'bottom': 93773.0}
2025-06-03 16:43:58,282 - INFO - [4H] 识别到趋势: uptrend, OB: {'top': 96996.7, 'bottom': 96896.0}
2025-06-03 16:43:58,282 - INFO - [4H] BTC-USDT-SWAP 2025-05-09 08:00  趋势=uptrend, OB={'top': 96996.7, 'bottom': 96896.0}
2025-06-03 16:44:03,396 - INFO - [4H] 识别到趋势: uptrend, OB: {'top': 96996.7, 'bottom': 96896.0}
2025-06-03 16:44:03,396 - INFO - [4H] BTC-USDT-SWAP 2025-05-09 12:00  趋势=uptrend, OB={'top': 96996.7, 'bottom': 96896.0}
2025-06-03 16:44:06,192 - INFO - [4H] 识别到趋势: uptrend, OB: {'top': 96996.7, 'bottom': 96896.0}
2025-06-03 16:44:06,192 - INFO - [4H] BTC-USDT-SWAP 2025-05-09 16:00  趋势=uptrend, OB={'top': 96996.7, 'bottom': 96896.0}
2025-06-03 16:44:07,999 - INFO - [4H] 识别到趋势: uptrend, OB: {'top': 96996.7, 'bottom': 96896.0}
2025-06-03 16:44:07,999 - INFO - [4H] BTC-USDT-SWAP 2025-05-09 20:00  趋势=uptrend, OB={'top': 96996.7, 'bottom': 96896.0}
2025-06-03 16:44:09,519 - INFO - [4H] 识别到趋势: uptrend, OB: {'top': 96996.7, 'bottom': 96896.0}
2025-06-03 16:44:09,520 - INFO - [4H] BTC-USDT-SWAP 2025-05-10 00:00  趋势=uptrend, OB={'top': 96996.7, 'bottom': 96896.0}
2025-06-03 16:44:10,600 - INFO - [4H] 识别到趋势: uptrend, OB: {'top': 96996.7, 'bottom': 96896.0}
2025-06-03 16:44:10,601 - INFO - [4H] BTC-USDT-SWAP 2025-05-10 04:00  趋势=uptrend, OB={'top': 96996.7, 'bottom': 96896.0}
2025-06-03 16:44:11,855 - INFO - [4H] 识别到趋势: uptrend, OB: {'top': 96996.7, 'bottom': 96896.0}
2025-06-03 16:44:11,856 - INFO - [4H] BTC-USDT-SWAP 2025-05-10 08:00  趋势=uptrend, OB={'top': 96996.7, 'bottom': 96896.0}
2025-06-03 16:44:13,399 - INFO - [4H] 识别到趋势: uptrend, OB: {'top': 96996.7, 'bottom': 96896.0}
2025-06-03 16:44:13,399 - INFO - [4H] BTC-USDT-SWAP 2025-05-10 12:00  趋势=uptrend, OB={'top': 96996.7, 'bottom': 96896.0}
2025-06-03 16:44:20,336 - INFO - [4H] 识别到趋势: uptrend, OB: {'top': 96996.7, 'bottom': 96896.0}
2025-06-03 16:44:20,336 - INFO - [4H] BTC-USDT-SWAP 2025-05-10 16:00  趋势=uptrend, OB={'top': 96996.7, 'bottom': 96896.0}
2025-06-03 16:44:21,950 - INFO - [4H] 识别到趋势: uptrend, OB: {'top': 96996.7, 'bottom': 96896.0}
2025-06-03 16:44:21,950 - INFO - [4H] BTC-USDT-SWAP 2025-05-10 20:00  趋势=uptrend, OB={'top': 96996.7, 'bottom': 96896.0}
2025-06-03 16:44:23,374 - INFO - [4H] 识别到趋势: uptrend, OB: {'top': 96996.7, 'bottom': 96896.0}
2025-06-03 16:44:23,374 - INFO - [4H] BTC-USDT-SWAP 2025-05-11 00:00  趋势=uptrend, OB={'top': 96996.7, 'bottom': 96896.0}
2025-06-03 16:44:25,321 - INFO - [4H] 识别到趋势: uptrend, OB: {'top': 96996.7, 'bottom': 96896.0}
2025-06-03 16:44:25,321 - INFO - [4H] BTC-USDT-SWAP 2025-05-11 04:00  趋势=uptrend, OB={'top': 96996.7, 'bottom': 96896.0}
2025-06-03 16:44:26,880 - INFO - [4H] 识别到趋势: uptrend, OB: {'top': 102909.0, 'bottom': 102848.5}
2025-06-03 16:44:26,881 - INFO - [4H] BTC-USDT-SWAP 2025-05-11 08:00  趋势=uptrend, OB={'top': 102909.0, 'bottom': 102848.5}
2025-06-03 16:44:28,230 - INFO - [4H] 识别到趋势: uptrend, OB: {'top': 102909.0, 'bottom': 102848.5}
2025-06-03 16:44:28,231 - INFO - [4H] BTC-USDT-SWAP 2025-05-11 12:00  趋势=uptrend, OB={'top': 102909.0, 'bottom': 102848.5}
2025-06-03 16:44:29,360 - INFO - [4H] 识别到趋势: uptrend, OB: {'top': 102909.0, 'bottom': 102848.5}
2025-06-03 16:44:29,360 - INFO - [4H] BTC-USDT-SWAP 2025-05-11 16:00  趋势=uptrend, OB={'top': 102909.0, 'bottom': 102848.5}
2025-06-03 16:44:31,438 - INFO - [4H] 识别到趋势: uptrend, OB: {'top': 102909.0, 'bottom': 102848.5}
2025-06-03 16:44:31,438 - INFO - [4H] BTC-USDT-SWAP 2025-05-11 20:00  趋势=uptrend, OB={'top': 102909.0, 'bottom': 102848.5}
2025-06-03 16:44:33,345 - INFO - [4H] 识别到趋势: uptrend, OB: {'top': 102909.0, 'bottom': 102848.5}
2025-06-03 16:44:33,345 - INFO - [4H] BTC-USDT-SWAP 2025-05-12 00:00  趋势=uptrend, OB={'top': 102909.0, 'bottom': 102848.5}
2025-06-03 16:44:34,559 - INFO - [4H] 识别到趋势: uptrend, OB: {'top': 102909.0, 'bottom': 102848.5}
2025-06-03 16:44:34,559 - INFO - [4H] BTC-USDT-SWAP 2025-05-12 04:00  趋势=uptrend, OB={'top': 102909.0, 'bottom': 102848.5}
2025-06-03 16:44:36,393 - INFO - [4H] 识别到趋势: uptrend, OB: {'top': 102909.0, 'bottom': 102848.5}
2025-06-03 16:44:36,393 - INFO - [4H] BTC-USDT-SWAP 2025-05-12 08:00  趋势=uptrend, OB={'top': 102909.0, 'bottom': 102848.5}
2025-06-03 16:44:38,543 - INFO - [4H] 识别到趋势: uptrend, OB: {'top': 102909.0, 'bottom': 102848.5}
2025-06-03 16:44:38,544 - INFO - [4H] BTC-USDT-SWAP 2025-05-12 12:00  趋势=uptrend, OB={'top': 102909.0, 'bottom': 102848.5}
2025-06-03 16:44:39,798 - INFO - [4H] 识别到趋势: uptrend, OB: {'top': 104787.3, 'bottom': 103948.0}
2025-06-03 16:44:39,798 - INFO - [4H] BTC-USDT-SWAP 2025-05-12 16:00  趋势=uptrend, OB={'top': 104787.3, 'bottom': 103948.0}
2025-06-03 16:44:41,188 - INFO - [4H] 识别到趋势: uptrend, OB: {'top': 104787.3, 'bottom': 103948.0}
2025-06-03 16:44:41,189 - INFO - [4H] BTC-USDT-SWAP 2025-05-12 20:00  趋势=uptrend, OB={'top': 104787.3, 'bottom': 103948.0}
2025-06-03 16:44:42,662 - INFO - [4H] 识别到趋势: uptrend, OB: {'top': 104787.3, 'bottom': 103948.0}
2025-06-03 16:44:42,663 - INFO - [4H] BTC-USDT-SWAP 2025-05-13 00:00  趋势=uptrend, OB={'top': 104787.3, 'bottom': 103948.0}
2025-06-03 16:44:44,080 - INFO - [4H] 识别到趋势: downtrend, OB: {'top': 104375.1, 'bottom': 104088.1}
2025-06-03 16:44:44,080 - INFO - [4H] BTC-USDT-SWAP 2025-05-13 04:00  趋势=downtrend, OB={'top': 104375.1, 'bottom': 104088.1}
2025-06-03 16:44:48,950 - INFO - [4H] 识别到趋势: downtrend, OB: {'top': 104375.1, 'bottom': 104088.1}
2025-06-03 16:44:48,950 - INFO - [4H] BTC-USDT-SWAP 2025-05-13 08:00  趋势=downtrend, OB={'top': 104375.1, 'bottom': 104088.1}
2025-06-03 16:44:50,333 - INFO - [4H] 识别到趋势: downtrend, OB: {'top': 104375.1, 'bottom': 104088.1}
2025-06-03 16:44:50,333 - INFO - [4H] BTC-USDT-SWAP 2025-05-13 12:00  趋势=downtrend, OB={'top': 104375.1, 'bottom': 104088.1}
2025-06-03 16:44:51,599 - INFO - [4H] 识别到趋势: downtrend, OB: {'top': 104375.1, 'bottom': 104088.1}
2025-06-03 16:44:51,599 - INFO - [4H] BTC-USDT-SWAP 2025-05-13 16:00  趋势=downtrend, OB={'top': 104375.1, 'bottom': 104088.1}
2025-06-03 16:44:53,945 - INFO - [4H] 识别到趋势: downtrend, OB: {'top': 104375.1, 'bottom': 104088.1}
2025-06-03 16:44:53,945 - INFO - [4H] BTC-USDT-SWAP 2025-05-13 20:00  趋势=downtrend, OB={'top': 104375.1, 'bottom': 104088.1}
2025-06-03 16:44:55,194 - INFO - [4H] 识别到趋势: downtrend, OB: {'top': 104375.1, 'bottom': 104088.1}
2025-06-03 16:44:55,194 - INFO - [4H] BTC-USDT-SWAP 2025-05-14 00:00  趋势=downtrend, OB={'top': 104375.1, 'bottom': 104088.1}
2025-06-03 16:44:56,784 - INFO - [4H] 识别到趋势: downtrend, OB: {'top': 104375.1, 'bottom': 104088.1}
2025-06-03 16:44:56,784 - INFO - [4H] BTC-USDT-SWAP 2025-05-14 04:00  趋势=downtrend, OB={'top': 104375.1, 'bottom': 104088.1}
2025-06-03 16:44:58,105 - INFO - [4H] 识别到趋势: downtrend, OB: {'top': 104375.1, 'bottom': 104088.1}
2025-06-03 16:44:58,106 - INFO - [4H] BTC-USDT-SWAP 2025-05-14 08:00  趋势=downtrend, OB={'top': 104375.1, 'bottom': 104088.1}
2025-06-03 16:44:59,482 - INFO - [4H] 识别到趋势: downtrend, OB: {'top': 104375.1, 'bottom': 104088.1}
2025-06-03 16:44:59,482 - INFO - [4H] BTC-USDT-SWAP 2025-05-14 12:00  趋势=downtrend, OB={'top': 104375.1, 'bottom': 104088.1}
2025-06-03 16:45:00,719 - INFO - [4H] 识别到趋势: downtrend, OB: {'top': 104375.1, 'bottom': 104088.1}
2025-06-03 16:45:00,720 - INFO - [4H] BTC-USDT-SWAP 2025-05-14 16:00  趋势=downtrend, OB={'top': 104375.1, 'bottom': 104088.1}
2025-06-03 16:45:02,200 - INFO - [4H] 识别到趋势: downtrend, OB: {'top': 104375.1, 'bottom': 104088.1}
2025-06-03 16:45:02,200 - INFO - [4H] BTC-USDT-SWAP 2025-05-14 20:00  趋势=downtrend, OB={'top': 104375.1, 'bottom': 104088.1}
2025-06-03 16:45:03,433 - INFO - [4H] 识别到趋势: downtrend, OB: {'top': 104375.1, 'bottom': 104088.1}
2025-06-03 16:45:03,433 - INFO - [4H] BTC-USDT-SWAP 2025-05-15 00:00  趋势=downtrend, OB={'top': 104375.1, 'bottom': 104088.1}
2025-06-03 16:45:08,986 - INFO - [4H] 识别到趋势: downtrend, OB: {'top': 104375.1, 'bottom': 104088.1}
2025-06-03 16:45:08,987 - INFO - [4H] BTC-USDT-SWAP 2025-05-15 04:00  趋势=downtrend, OB={'top': 104375.1, 'bottom': 104088.1}
2025-06-03 16:45:10,348 - INFO - [4H] 识别到趋势: downtrend, OB: {'top': 104375.1, 'bottom': 104088.1}
2025-06-03 16:45:10,349 - INFO - [4H] BTC-USDT-SWAP 2025-05-15 08:00  趋势=downtrend, OB={'top': 104375.1, 'bottom': 104088.1}
2025-06-03 16:45:11,593 - INFO - [4H] 识别到趋势: downtrend, OB: {'top': 104375.1, 'bottom': 104088.1}
2025-06-03 16:45:11,594 - INFO - [4H] BTC-USDT-SWAP 2025-05-15 12:00  趋势=downtrend, OB={'top': 104375.1, 'bottom': 104088.1}
2025-06-03 16:45:13,457 - INFO - [4H] 识别到趋势: downtrend, OB: {'top': 104375.1, 'bottom': 104088.1}
2025-06-03 16:45:13,458 - INFO - [4H] BTC-USDT-SWAP 2025-05-15 16:00  趋势=downtrend, OB={'top': 104375.1, 'bottom': 104088.1}
2025-06-03 16:45:14,726 - INFO - [4H] 识别到趋势: downtrend, OB: {'top': 104375.1, 'bottom': 104088.1}
2025-06-03 16:45:14,727 - INFO - [4H] BTC-USDT-SWAP 2025-05-15 20:00  趋势=downtrend, OB={'top': 104375.1, 'bottom': 104088.1}
2025-06-03 16:45:16,408 - INFO - [4H] 识别到趋势: downtrend, OB: {'top': 104375.1, 'bottom': 104088.1}
2025-06-03 16:45:16,409 - INFO - [4H] BTC-USDT-SWAP 2025-05-16 00:00  趋势=downtrend, OB={'top': 104375.1, 'bottom': 104088.1}
2025-06-03 16:45:18,051 - INFO - [4H] 识别到趋势: downtrend, OB: {'top': 104375.1, 'bottom': 104088.1}
2025-06-03 16:45:18,051 - INFO - [4H] BTC-USDT-SWAP 2025-05-16 04:00  趋势=downtrend, OB={'top': 104375.1, 'bottom': 104088.1}
2025-06-03 16:45:20,136 - INFO - [4H] 识别到趋势: downtrend, OB: {'top': 104375.1, 'bottom': 104088.1}
2025-06-03 16:45:20,136 - INFO - [4H] BTC-USDT-SWAP 2025-05-16 08:00  趋势=downtrend, OB={'top': 104375.1, 'bottom': 104088.1}
2025-06-03 16:45:21,242 - INFO - [4H] 识别到趋势: downtrend, OB: {'top': 104375.1, 'bottom': 104088.1}
2025-06-03 16:45:21,243 - INFO - [4H] BTC-USDT-SWAP 2025-05-16 12:00  趋势=downtrend, OB={'top': 104375.1, 'bottom': 104088.1}
2025-06-03 16:45:22,531 - INFO - [4H] 识别到趋势: downtrend, OB: {'top': 104375.1, 'bottom': 104088.1}
2025-06-03 16:45:22,532 - INFO - [4H] BTC-USDT-SWAP 2025-05-16 16:00  趋势=downtrend, OB={'top': 104375.1, 'bottom': 104088.1}
2025-06-03 16:45:23,817 - INFO - [4H] 识别到趋势: downtrend, OB: {'top': 104375.1, 'bottom': 104088.1}
2025-06-03 16:45:23,817 - INFO - [4H] BTC-USDT-SWAP 2025-05-16 20:00  趋势=downtrend, OB={'top': 104375.1, 'bottom': 104088.1}
2025-06-03 16:45:25,410 - INFO - [4H] 识别到趋势: downtrend, OB: {'top': 104375.1, 'bottom': 104088.1}
2025-06-03 16:45:25,410 - INFO - [4H] BTC-USDT-SWAP 2025-05-17 00:00  趋势=downtrend, OB={'top': 104375.1, 'bottom': 104088.1}
2025-06-03 16:45:28,344 - INFO - [4H] 识别到趋势: downtrend, OB: {'top': 104375.1, 'bottom': 104088.1}
2025-06-03 16:45:28,344 - INFO - [4H] BTC-USDT-SWAP 2025-05-17 04:00  趋势=downtrend, OB={'top': 104375.1, 'bottom': 104088.1}
2025-06-03 16:45:30,376 - INFO - [4H] 识别到趋势: downtrend, OB: {'top': 104375.1, 'bottom': 104088.1}
2025-06-03 16:45:30,376 - INFO - [4H] BTC-USDT-SWAP 2025-05-17 08:00  趋势=downtrend, OB={'top': 104375.1, 'bottom': 104088.1}
2025-06-03 16:45:33,601 - INFO - [4H] 识别到趋势: downtrend, OB: {'top': 104375.1, 'bottom': 104088.1}
2025-06-03 16:45:33,601 - INFO - [4H] BTC-USDT-SWAP 2025-05-17 12:00  趋势=downtrend, OB={'top': 104375.1, 'bottom': 104088.1}
2025-06-03 16:45:35,177 - INFO - [4H] 识别到趋势: downtrend, OB: {'top': 104375.1, 'bottom': 104088.1}
2025-06-03 16:45:35,178 - INFO - [4H] BTC-USDT-SWAP 2025-05-17 16:00  趋势=downtrend, OB={'top': 104375.1, 'bottom': 104088.1}
2025-06-03 16:45:36,582 - INFO - [4H] 识别到趋势: downtrend, OB: {'top': 104375.1, 'bottom': 104088.1}
2025-06-03 16:45:36,582 - INFO - [4H] BTC-USDT-SWAP 2025-05-17 20:00  趋势=downtrend, OB={'top': 104375.1, 'bottom': 104088.1}
2025-06-03 16:45:38,857 - INFO - [4H] 识别到趋势: downtrend, OB: {'top': 104375.1, 'bottom': 104088.1}
2025-06-03 16:45:38,857 - INFO - [4H] BTC-USDT-SWAP 2025-05-18 00:00  趋势=downtrend, OB={'top': 104375.1, 'bottom': 104088.1}
2025-06-03 16:45:40,611 - INFO - [4H] 识别到趋势: downtrend, OB: {'top': 104375.1, 'bottom': 104088.1}
2025-06-03 16:45:40,611 - INFO - [4H] BTC-USDT-SWAP 2025-05-18 04:00  趋势=downtrend, OB={'top': 104375.1, 'bottom': 104088.1}
2025-06-03 16:45:43,656 - INFO - [4H] 识别到趋势: downtrend, OB: {'top': 104375.1, 'bottom': 104088.1}
2025-06-03 16:45:43,656 - INFO - [4H] BTC-USDT-SWAP 2025-05-18 08:00  趋势=downtrend, OB={'top': 104375.1, 'bottom': 104088.1}
2025-06-03 16:45:46,689 - INFO - [4H] 识别到趋势: downtrend, OB: {'top': 104375.1, 'bottom': 104088.1}
2025-06-03 16:45:46,689 - INFO - [4H] BTC-USDT-SWAP 2025-05-18 12:00  趋势=downtrend, OB={'top': 104375.1, 'bottom': 104088.1}
2025-06-03 16:45:48,006 - INFO - [4H] 识别到趋势: downtrend, OB: {'top': 104375.1, 'bottom': 104088.1}
2025-06-03 16:45:48,007 - INFO - [4H] BTC-USDT-SWAP 2025-05-18 16:00  趋势=downtrend, OB={'top': 104375.1, 'bottom': 104088.1}
2025-06-03 16:45:49,464 - INFO - [4H] 识别到趋势: downtrend, OB: {'top': 104375.1, 'bottom': 104088.1}
2025-06-03 16:45:49,465 - INFO - [4H] BTC-USDT-SWAP 2025-05-18 20:00  趋势=downtrend, OB={'top': 104375.1, 'bottom': 104088.1}
2025-06-03 16:45:50,679 - INFO - [4H] 识别到趋势: downtrend, OB: {'top': 104375.1, 'bottom': 104088.1}
2025-06-03 16:45:50,679 - INFO - [4H] BTC-USDT-SWAP 2025-05-19 00:00  趋势=downtrend, OB={'top': 104375.1, 'bottom': 104088.1}
2025-06-03 16:45:51,967 - INFO - [4H] 识别到趋势: downtrend, OB: {'top': 104375.1, 'bottom': 104088.1}
2025-06-03 16:45:51,967 - INFO - [4H] BTC-USDT-SWAP 2025-05-19 04:00  趋势=downtrend, OB={'top': 104375.1, 'bottom': 104088.1}
2025-06-03 16:45:54,909 - INFO - [4H] 识别到趋势: downtrend, OB: {'top': 104375.1, 'bottom': 104088.1}
2025-06-03 16:45:54,909 - INFO - [4H] BTC-USDT-SWAP 2025-05-19 08:00  趋势=downtrend, OB={'top': 104375.1, 'bottom': 104088.1}
2025-06-03 16:45:56,358 - INFO - [4H] 识别到趋势: uptrend, OB: {'top': 105480.6, 'bottom': 103835.7}
2025-06-03 16:45:56,359 - INFO - [4H] BTC-USDT-SWAP 2025-05-19 12:00  趋势=uptrend, OB={'top': 105480.6, 'bottom': 103835.7}
2025-06-03 16:45:59,776 - INFO - [4H] 识别到趋势: downtrend, OB: {'top': 106435.0, 'bottom': 103835.7}
2025-06-03 16:45:59,776 - INFO - [4H] BTC-USDT-SWAP 2025-05-19 16:00  趋势=downtrend, OB={'top': 106435.0, 'bottom': 103835.7}
2025-06-03 16:46:01,642 - INFO - [4H] 识别到趋势: downtrend, OB: {'top': 106435.0, 'bottom': 103835.7}
2025-06-03 16:46:01,642 - INFO - [4H] BTC-USDT-SWAP 2025-05-19 20:00  趋势=downtrend, OB={'top': 106435.0, 'bottom': 103835.7}
2025-06-03 16:46:02,973 - INFO - [4H] 识别到趋势: downtrend, OB: {'top': 106435.0, 'bottom': 103835.7}
2025-06-03 16:46:02,974 - INFO - [4H] BTC-USDT-SWAP 2025-05-20 00:00  趋势=downtrend, OB={'top': 106435.0, 'bottom': 103835.7}
2025-06-03 17:23:07,878 - INFO - [4H] 识别到趋势: uptrend, OB: {'top': 92659.3, 'bottom': 92185.4}
2025-06-03 17:23:07,878 - INFO - [4H] BTC-USDT-SWAP 2025-05-01 12:00  趋势=uptrend, OB={'top': 92659.3, 'bottom': 92185.4}
2025-06-03 17:23:10,022 - INFO - [4H] 识别到趋势: uptrend, OB: {'top': 92659.3, 'bottom': 92185.4}
2025-06-03 17:23:10,022 - INFO - [4H] BTC-USDT-SWAP 2025-05-01 16:00  趋势=uptrend, OB={'top': 92659.3, 'bottom': 92185.4}
2025-06-03 17:23:11,225 - INFO - [4H] 识别到趋势: uptrend, OB: {'top': 92659.3, 'bottom': 92185.4}
2025-06-03 17:23:11,225 - INFO - [4H] BTC-USDT-SWAP 2025-05-01 20:00  趋势=uptrend, OB={'top': 92659.3, 'bottom': 92185.4}
2025-06-03 17:23:12,523 - INFO - [4H] 识别到趋势: uptrend, OB: {'top': 94390.0, 'bottom': 93708.0}
2025-06-03 17:23:12,523 - INFO - [4H] BTC-USDT-SWAP 2025-05-02 00:00  趋势=uptrend, OB={'top': 94390.0, 'bottom': 93708.0}
2025-06-03 17:23:13,825 - INFO - [4H] 识别到趋势: uptrend, OB: {'top': 94390.0, 'bottom': 93708.0}
2025-06-03 17:23:13,826 - INFO - [4H] BTC-USDT-SWAP 2025-05-02 04:00  趋势=uptrend, OB={'top': 94390.0, 'bottom': 93708.0}
2025-06-03 17:23:14,894 - INFO - [4H] 识别到趋势: uptrend, OB: {'top': 94390.0, 'bottom': 93708.0}
2025-06-03 17:23:14,894 - INFO - [4H] BTC-USDT-SWAP 2025-05-02 08:00  趋势=uptrend, OB={'top': 94390.0, 'bottom': 93708.0}
2025-06-03 17:23:16,010 - INFO - [4H] 识别到趋势: uptrend, OB: {'top': 94390.0, 'bottom': 93708.0}
2025-06-03 17:23:16,010 - INFO - [4H] BTC-USDT-SWAP 2025-05-02 12:00  趋势=uptrend, OB={'top': 94390.0, 'bottom': 93708.0}
2025-06-03 17:23:17,072 - INFO - [4H] 识别到趋势: uptrend, OB: {'top': 94390.0, 'bottom': 93708.0}
2025-06-03 17:23:17,072 - INFO - [4H] BTC-USDT-SWAP 2025-05-02 16:00  趋势=uptrend, OB={'top': 94390.0, 'bottom': 93708.0}
2025-06-03 17:23:19,644 - INFO - [4H] 识别到趋势: uptrend, OB: {'top': 94390.0, 'bottom': 93708.0}
2025-06-03 17:23:19,644 - INFO - [4H] BTC-USDT-SWAP 2025-05-02 20:00  趋势=uptrend, OB={'top': 94390.0, 'bottom': 93708.0}
2025-06-03 17:23:21,430 - INFO - [4H] 识别到趋势: uptrend, OB: {'top': 96806.0, 'bottom': 96490.0}
2025-06-03 17:23:21,430 - INFO - [4H] BTC-USDT-SWAP 2025-05-03 00:00  趋势=uptrend, OB={'top': 96806.0, 'bottom': 96490.0}
2025-06-03 17:23:24,310 - INFO - [4H] 识别到趋势: uptrend, OB: {'top': 96806.0, 'bottom': 96490.0}
2025-06-03 17:23:24,310 - INFO - [4H] BTC-USDT-SWAP 2025-05-03 04:00  趋势=uptrend, OB={'top': 96806.0, 'bottom': 96490.0}
2025-06-03 17:23:25,440 - INFO - [4H] 识别到趋势: uptrend, OB: {'top': 96806.0, 'bottom': 96490.0}
2025-06-03 17:23:25,440 - INFO - [4H] BTC-USDT-SWAP 2025-05-03 08:00  趋势=uptrend, OB={'top': 96806.0, 'bottom': 96490.0}
2025-06-03 17:23:26,748 - INFO - [4H] 识别到趋势: uptrend, OB: {'top': 96806.0, 'bottom': 96490.0}
2025-06-03 17:23:26,748 - INFO - [4H] BTC-USDT-SWAP 2025-05-03 12:00  趋势=uptrend, OB={'top': 96806.0, 'bottom': 96490.0}
2025-06-03 17:23:28,833 - INFO - [4H] 识别到趋势: uptrend, OB: {'top': 96806.0, 'bottom': 96490.0}
2025-06-03 17:23:28,834 - INFO - [4H] BTC-USDT-SWAP 2025-05-03 16:00  趋势=uptrend, OB={'top': 96806.0, 'bottom': 96490.0}
2025-06-03 17:23:30,290 - INFO - [4H] 识别到趋势: downtrend, OB: {'top': 96873.0, 'bottom': 96323.1}
2025-06-03 17:23:30,290 - INFO - [4H] BTC-USDT-SWAP 2025-05-03 20:00  趋势=downtrend, OB={'top': 96873.0, 'bottom': 96323.1}
2025-06-03 17:23:31,735 - INFO - [4H] 识别到趋势: downtrend, OB: {'top': 96873.0, 'bottom': 96323.1}
2025-06-03 17:23:31,735 - INFO - [4H] BTC-USDT-SWAP 2025-05-04 00:00  趋势=downtrend, OB={'top': 96873.0, 'bottom': 96323.1}
2025-06-03 17:23:33,155 - INFO - [4H] 识别到趋势: downtrend, OB: {'top': 96873.0, 'bottom': 96323.1}
2025-06-03 17:23:33,155 - INFO - [4H] BTC-USDT-SWAP 2025-05-04 04:00  趋势=downtrend, OB={'top': 96873.0, 'bottom': 96323.1}
2025-06-03 17:23:34,418 - INFO - [4H] 识别到趋势: downtrend, OB: {'top': 96873.0, 'bottom': 96323.1}
2025-06-03 17:23:34,419 - INFO - [4H] BTC-USDT-SWAP 2025-05-04 08:00  趋势=downtrend, OB={'top': 96873.0, 'bottom': 96323.1}
2025-06-03 17:23:35,516 - INFO - [4H] 识别到趋势: downtrend, OB: {'top': 96294.7, 'bottom': 96280.2}
2025-06-03 17:23:35,516 - INFO - [4H] BTC-USDT-SWAP 2025-05-04 12:00  趋势=downtrend, OB={'top': 96294.7, 'bottom': 96280.2}
2025-06-03 17:23:37,197 - INFO - [4H] 识别到趋势: downtrend, OB: {'top': 96294.7, 'bottom': 96280.2}
2025-06-03 17:23:37,197 - INFO - [4H] BTC-USDT-SWAP 2025-05-04 16:00  趋势=downtrend, OB={'top': 96294.7, 'bottom': 96280.2}
2025-06-03 17:23:38,242 - INFO - [4H] 识别到趋势: downtrend, OB: {'top': 96294.7, 'bottom': 96280.2}
2025-06-03 17:23:38,242 - INFO - [4H] BTC-USDT-SWAP 2025-05-04 20:00  趋势=downtrend, OB={'top': 96294.7, 'bottom': 96280.2}
2025-06-03 17:23:39,992 - INFO - [4H] 识别到趋势: downtrend, OB: {'top': 96294.7, 'bottom': 96280.2}
2025-06-03 17:23:39,992 - INFO - [4H] BTC-USDT-SWAP 2025-05-05 00:00  趋势=downtrend, OB={'top': 96294.7, 'bottom': 96280.2}
2025-06-03 17:23:41,336 - INFO - [4H] 识别到趋势: downtrend, OB: {'top': 96294.7, 'bottom': 96280.2}
2025-06-03 17:23:41,336 - INFO - [4H] BTC-USDT-SWAP 2025-05-05 04:00  趋势=downtrend, OB={'top': 96294.7, 'bottom': 96280.2}
2025-06-03 17:23:42,686 - INFO - [4H] 识别到趋势: downtrend, OB: {'top': 96294.7, 'bottom': 96280.2}
2025-06-03 17:23:42,686 - INFO - [4H] BTC-USDT-SWAP 2025-05-05 08:00  趋势=downtrend, OB={'top': 96294.7, 'bottom': 96280.2}
2025-06-03 17:23:44,204 - INFO - [4H] 识别到趋势: downtrend, OB: {'top': 95542.1, 'bottom': 95415.2}
2025-06-03 17:23:44,204 - INFO - [4H] BTC-USDT-SWAP 2025-05-05 12:00  趋势=downtrend, OB={'top': 95542.1, 'bottom': 95415.2}
2025-06-03 17:23:45,482 - INFO - [4H] 识别到趋势: downtrend, OB: {'top': 95542.1, 'bottom': 95415.2}
2025-06-03 17:23:45,482 - INFO - [4H] BTC-USDT-SWAP 2025-05-05 16:00  趋势=downtrend, OB={'top': 95542.1, 'bottom': 95415.2}
2025-06-03 17:23:47,022 - INFO - [4H] 识别到趋势: downtrend, OB: {'top': 95542.1, 'bottom': 95415.2}
2025-06-03 17:23:47,023 - INFO - [4H] BTC-USDT-SWAP 2025-05-05 20:00  趋势=downtrend, OB={'top': 95542.1, 'bottom': 95415.2}
2025-06-03 17:23:48,369 - INFO - [4H] 识别到趋势: downtrend, OB: {'top': 95542.1, 'bottom': 95415.2}
2025-06-03 17:23:48,370 - INFO - [4H] BTC-USDT-SWAP 2025-05-06 00:00  趋势=downtrend, OB={'top': 95542.1, 'bottom': 95415.2}
2025-06-03 17:23:49,997 - INFO - [4H] 识别到趋势: downtrend, OB: {'top': 95542.1, 'bottom': 95415.2}
2025-06-03 17:23:49,997 - INFO - [4H] BTC-USDT-SWAP 2025-05-06 04:00  趋势=downtrend, OB={'top': 95542.1, 'bottom': 95415.2}
2025-06-03 17:23:51,522 - INFO - [4H] 识别到趋势: downtrend, OB: {'top': 95542.1, 'bottom': 95415.2}
2025-06-03 17:23:51,523 - INFO - [4H] BTC-USDT-SWAP 2025-05-06 08:00  趋势=downtrend, OB={'top': 95542.1, 'bottom': 95415.2}
2025-06-03 17:23:52,862 - INFO - [4H] 识别到趋势: downtrend, OB: {'top': 95542.1, 'bottom': 95415.2}
2025-06-03 17:23:52,863 - INFO - [4H] BTC-USDT-SWAP 2025-05-06 12:00  趋势=downtrend, OB={'top': 95542.1, 'bottom': 95415.2}
2025-06-03 17:23:54,117 - INFO - [4H] 识别到趋势: downtrend, OB: {'top': 95542.1, 'bottom': 95415.2}
2025-06-03 17:23:54,118 - INFO - [4H] BTC-USDT-SWAP 2025-05-06 16:00  趋势=downtrend, OB={'top': 95542.1, 'bottom': 95415.2}
2025-06-03 17:23:55,468 - INFO - [4H] 识别到趋势: downtrend, OB: {'top': 95542.1, 'bottom': 95415.2}
2025-06-03 17:23:55,468 - INFO - [4H] BTC-USDT-SWAP 2025-05-06 20:00  趋势=downtrend, OB={'top': 95542.1, 'bottom': 95415.2}
2025-06-03 17:23:58,606 - INFO - [4H] 识别到趋势: downtrend, OB: {'top': 94300.0, 'bottom': 93733.9}
2025-06-03 17:23:58,606 - INFO - [4H] BTC-USDT-SWAP 2025-05-07 00:00  趋势=downtrend, OB={'top': 94300.0, 'bottom': 93733.9}
2025-06-03 17:23:59,709 - INFO - [4H] 识别到趋势: downtrend, OB: {'top': 94300.0, 'bottom': 93733.9}
2025-06-03 17:23:59,709 - INFO - [4H] BTC-USDT-SWAP 2025-05-07 04:00  趋势=downtrend, OB={'top': 94300.0, 'bottom': 93733.9}
2025-06-03 17:24:00,971 - INFO - [4H] 识别到趋势: downtrend, OB: {'top': 94300.0, 'bottom': 93733.9}
2025-06-03 17:24:00,971 - INFO - [4H] BTC-USDT-SWAP 2025-05-07 08:00  趋势=downtrend, OB={'top': 94300.0, 'bottom': 93733.9}
2025-06-03 17:24:02,682 - INFO - [4H] 识别到趋势: uptrend, OB: {'top': 94344.1, 'bottom': 93773.0}
2025-06-03 17:24:02,682 - INFO - [4H] BTC-USDT-SWAP 2025-05-07 12:00  趋势=uptrend, OB={'top': 94344.1, 'bottom': 93773.0}
2025-06-03 17:24:05,004 - INFO - [4H] 识别到趋势: uptrend, OB: {'top': 94344.1, 'bottom': 93773.0}
2025-06-03 17:24:05,004 - INFO - [4H] BTC-USDT-SWAP 2025-05-07 16:00  趋势=uptrend, OB={'top': 94344.1, 'bottom': 93773.0}
2025-06-03 17:24:06,579 - INFO - [4H] 识别到趋势: uptrend, OB: {'top': 94344.1, 'bottom': 93773.0}
2025-06-03 17:24:06,580 - INFO - [4H] BTC-USDT-SWAP 2025-05-07 20:00  趋势=uptrend, OB={'top': 94344.1, 'bottom': 93773.0}
2025-06-03 17:24:07,705 - INFO - [4H] 识别到趋势: uptrend, OB: {'top': 94344.1, 'bottom': 93773.0}
2025-06-03 17:24:07,705 - INFO - [4H] BTC-USDT-SWAP 2025-05-08 00:00  趋势=uptrend, OB={'top': 94344.1, 'bottom': 93773.0}
2025-06-03 17:24:08,877 - INFO - [4H] 识别到趋势: uptrend, OB: {'top': 94344.1, 'bottom': 93773.0}
2025-06-03 17:24:08,877 - INFO - [4H] BTC-USDT-SWAP 2025-05-08 04:00  趋势=uptrend, OB={'top': 94344.1, 'bottom': 93773.0}
2025-06-03 17:24:10,524 - INFO - [4H] 识别到趋势: uptrend, OB: {'top': 94344.1, 'bottom': 93773.0}
2025-06-03 17:24:10,524 - INFO - [4H] BTC-USDT-SWAP 2025-05-08 08:00  趋势=uptrend, OB={'top': 94344.1, 'bottom': 93773.0}
2025-06-03 17:24:12,406 - INFO - [4H] 识别到趋势: uptrend, OB: {'top': 94344.1, 'bottom': 93773.0}
2025-06-03 17:24:12,407 - INFO - [4H] BTC-USDT-SWAP 2025-05-08 12:00  趋势=uptrend, OB={'top': 94344.1, 'bottom': 93773.0}
2025-06-03 17:24:13,682 - INFO - [4H] 识别到趋势: uptrend, OB: {'top': 94344.1, 'bottom': 93773.0}
2025-06-03 17:24:13,682 - INFO - [4H] BTC-USDT-SWAP 2025-05-08 16:00  趋势=uptrend, OB={'top': 94344.1, 'bottom': 93773.0}
2025-06-03 17:24:16,432 - INFO - [4H] 识别到趋势: uptrend, OB: {'top': 94344.1, 'bottom': 93773.0}
2025-06-03 17:24:16,432 - INFO - [4H] BTC-USDT-SWAP 2025-05-08 20:00  趋势=uptrend, OB={'top': 94344.1, 'bottom': 93773.0}
2025-06-03 17:24:17,721 - INFO - [4H] 识别到趋势: uptrend, OB: {'top': 94344.1, 'bottom': 93773.0}
2025-06-03 17:24:17,721 - INFO - [4H] BTC-USDT-SWAP 2025-05-09 00:00  趋势=uptrend, OB={'top': 94344.1, 'bottom': 93773.0}
2025-06-03 17:24:20,957 - INFO - [4H] 识别到趋势: uptrend, OB: {'top': 94344.1, 'bottom': 93773.0}
2025-06-03 17:24:20,957 - INFO - [4H] BTC-USDT-SWAP 2025-05-09 04:00  趋势=uptrend, OB={'top': 94344.1, 'bottom': 93773.0}
2025-06-03 17:24:22,833 - INFO - [4H] 识别到趋势: uptrend, OB: {'top': 96996.7, 'bottom': 96896.0}
2025-06-03 17:24:22,833 - INFO - [4H] BTC-USDT-SWAP 2025-05-09 08:00  趋势=uptrend, OB={'top': 96996.7, 'bottom': 96896.0}
2025-06-03 17:24:24,321 - INFO - [4H] 识别到趋势: uptrend, OB: {'top': 96996.7, 'bottom': 96896.0}
2025-06-03 17:24:24,322 - INFO - [4H] BTC-USDT-SWAP 2025-05-09 12:00  趋势=uptrend, OB={'top': 96996.7, 'bottom': 96896.0}
2025-06-03 17:24:26,309 - INFO - [4H] 识别到趋势: uptrend, OB: {'top': 96996.7, 'bottom': 96896.0}
2025-06-03 17:24:26,309 - INFO - [4H] BTC-USDT-SWAP 2025-05-09 16:00  趋势=uptrend, OB={'top': 96996.7, 'bottom': 96896.0}
2025-06-03 17:24:27,952 - INFO - [4H] 识别到趋势: uptrend, OB: {'top': 96996.7, 'bottom': 96896.0}
2025-06-03 17:24:27,952 - INFO - [4H] BTC-USDT-SWAP 2025-05-09 20:00  趋势=uptrend, OB={'top': 96996.7, 'bottom': 96896.0}
2025-06-03 17:35:14,260 - INFO - [4H] 识别到趋势: uptrend, OB: {'top': 92659.3, 'bottom': 92185.4}
2025-06-03 17:35:14,261 - INFO - [4H] BTC-USDT-SWAP 2025-05-01 12:00  趋势=uptrend, OB={'top': 92659.3, 'bottom': 92185.4}
2025-06-03 17:35:15,700 - INFO - [4H] 识别到趋势: uptrend, OB: {'top': 92659.3, 'bottom': 92185.4}
2025-06-03 17:35:15,701 - INFO - [4H] BTC-USDT-SWAP 2025-05-01 16:00  趋势=uptrend, OB={'top': 92659.3, 'bottom': 92185.4}
2025-06-03 17:35:17,423 - INFO - [4H] 识别到趋势: uptrend, OB: {'top': 92659.3, 'bottom': 92185.4}
2025-06-03 17:35:17,423 - INFO - [4H] BTC-USDT-SWAP 2025-05-01 20:00  趋势=uptrend, OB={'top': 92659.3, 'bottom': 92185.4}
2025-06-03 17:35:19,482 - INFO - [4H] 识别到趋势: uptrend, OB: {'top': 94390.0, 'bottom': 93708.0}
2025-06-03 17:35:19,483 - INFO - [4H] BTC-USDT-SWAP 2025-05-02 00:00  趋势=uptrend, OB={'top': 94390.0, 'bottom': 93708.0}
2025-06-03 17:36:11,613 - INFO - [4H] 识别到趋势: uptrend, OB: {'top': 92659.3, 'bottom': 92185.4}
2025-06-03 17:36:11,613 - INFO - [4H] BTC-USDT-SWAP 2025-05-01 12:00  趋势=uptrend, OB={'top': 92659.3, 'bottom': 92185.4}
2025-06-03 17:36:13,006 - INFO - [4H] 识别到趋势: uptrend, OB: {'top': 92659.3, 'bottom': 92185.4}
2025-06-03 17:36:13,006 - INFO - [4H] BTC-USDT-SWAP 2025-05-01 16:00  趋势=uptrend, OB={'top': 92659.3, 'bottom': 92185.4}
2025-06-03 17:36:14,177 - INFO - [4H] 识别到趋势: uptrend, OB: {'top': 92659.3, 'bottom': 92185.4}
2025-06-03 17:36:14,177 - INFO - [4H] BTC-USDT-SWAP 2025-05-01 20:00  趋势=uptrend, OB={'top': 92659.3, 'bottom': 92185.4}
2025-06-03 17:36:15,526 - INFO - [4H] 识别到趋势: uptrend, OB: {'top': 94390.0, 'bottom': 93708.0}
2025-06-03 17:36:15,527 - INFO - [4H] BTC-USDT-SWAP 2025-05-02 00:00  趋势=uptrend, OB={'top': 94390.0, 'bottom': 93708.0}
2025-06-03 17:38:35,239 - INFO - [4H] 识别到趋势: uptrend, OB: {'top': 92659.3, 'bottom': 92185.4}
2025-06-03 17:38:35,240 - INFO - [4H] BTC-USDT-SWAP 2025-05-01 12:00  趋势=uptrend, OB={'top': 92659.3, 'bottom': 92185.4}
2025-06-03 17:38:36,319 - INFO - [4H] 识别到趋势: uptrend, OB: {'top': 92659.3, 'bottom': 92185.4}
2025-06-03 17:38:36,319 - INFO - [4H] BTC-USDT-SWAP 2025-05-01 16:00  趋势=uptrend, OB={'top': 92659.3, 'bottom': 92185.4}
2025-06-03 17:38:39,146 - INFO - [4H] 识别到趋势: uptrend, OB: {'top': 92659.3, 'bottom': 92185.4}
2025-06-03 17:38:39,147 - INFO - [4H] BTC-USDT-SWAP 2025-05-01 20:00  趋势=uptrend, OB={'top': 92659.3, 'bottom': 92185.4}
2025-06-03 17:38:40,260 - INFO - [4H] 识别到趋势: uptrend, OB: {'top': 94390.0, 'bottom': 93708.0}
2025-06-03 17:38:40,261 - INFO - [4H] BTC-USDT-SWAP 2025-05-02 00:00  趋势=uptrend, OB={'top': 94390.0, 'bottom': 93708.0}
2025-06-03 17:40:13,463 - INFO - [4H] 识别到趋势: uptrend, OB: {'top': 92659.3, 'bottom': 92185.4}
2025-06-03 17:40:13,463 - INFO - [4H] BTC-USDT-SWAP 2025-05-01 12:00  趋势=uptrend, OB={'top': 92659.3, 'bottom': 92185.4}
2025-06-03 17:40:14,962 - INFO - [4H] 识别到趋势: uptrend, OB: {'top': 92659.3, 'bottom': 92185.4}
2025-06-03 17:40:14,963 - INFO - [4H] BTC-USDT-SWAP 2025-05-01 16:00  趋势=uptrend, OB={'top': 92659.3, 'bottom': 92185.4}
2025-06-03 17:40:16,180 - INFO - [4H] 识别到趋势: uptrend, OB: {'top': 92659.3, 'bottom': 92185.4}
2025-06-03 17:40:16,180 - INFO - [4H] BTC-USDT-SWAP 2025-05-01 20:00  趋势=uptrend, OB={'top': 92659.3, 'bottom': 92185.4}
2025-06-03 17:40:17,597 - INFO - [4H] 识别到趋势: uptrend, OB: {'top': 94390.0, 'bottom': 93708.0}
2025-06-03 17:40:17,598 - INFO - [4H] BTC-USDT-SWAP 2025-05-02 00:00  趋势=uptrend, OB={'top': 94390.0, 'bottom': 93708.0}
2025-06-03 20:56:38,204 - INFO - [4H] 识别到趋势: uptrend, OB: {'top': 92659.3, 'bottom': 92185.4}
2025-06-03 20:56:38,204 - INFO - [4H] BTC-USDT-SWAP 2025-05-01 16:00 整  趋势=uptrend, OB={'top': 92659.3, 'bottom': 92185.4}
2025-06-03 20:56:41,186 - INFO - [4H] 识别到趋势: uptrend, OB: {'top': 92659.3, 'bottom': 92185.4}
2025-06-03 20:56:41,187 - INFO - [4H] BTC-USDT-SWAP 2025-05-01 20:00 整  趋势=uptrend, OB={'top': 92659.3, 'bottom': 92185.4}
2025-06-03 20:56:42,909 - INFO - [4H] 识别到趋势: uptrend, OB: {'top': 94390.0, 'bottom': 93708.0}
2025-06-03 20:56:42,909 - INFO - [4H] BTC-USDT-SWAP 2025-05-02 00:00 整  趋势=uptrend, OB={'top': 94390.0, 'bottom': 93708.0}
2025-06-03 21:03:01,691 - INFO - [4H] 识别到趋势: uptrend, OB: {'top': 92659.3, 'bottom': 92185.4}
2025-06-03 21:03:01,692 - INFO - [4H] BTC-USDT-SWAP 2025-05-01 16:00 整  趋势=uptrend, OB={'top': 92659.3, 'bottom': 92185.4}
2025-06-03 21:03:04,411 - INFO - [4H] 识别到趋势: uptrend, OB: {'top': 92659.3, 'bottom': 92185.4}
2025-06-03 21:03:04,411 - INFO - [4H] BTC-USDT-SWAP 2025-05-01 20:00 整  趋势=uptrend, OB={'top': 92659.3, 'bottom': 92185.4}
2025-06-03 21:03:06,148 - INFO - [4H] 识别到趋势: uptrend, OB: {'top': 94390.0, 'bottom': 93708.0}
2025-06-03 21:03:06,148 - INFO - [4H] BTC-USDT-SWAP 2025-05-02 00:00 整  趋势=uptrend, OB={'top': 94390.0, 'bottom': 93708.0}
2025-06-03 22:12:55,219 - INFO - [4H] 识别到趋势: uptrend, OB: {'top': 92659.3, 'bottom': 92185.4}
2025-06-03 22:12:55,220 - INFO - [4H] BTC-USDT-SWAP 2025-05-01 16:00 整  趋势=uptrend, OB={'top': 92659.3, 'bottom': 92185.4}
2025-06-03 22:12:59,734 - INFO - [4H] 识别到趋势: uptrend, OB: {'top': 92659.3, 'bottom': 92185.4}
2025-06-03 22:12:59,734 - INFO - [4H] BTC-USDT-SWAP 2025-05-01 20:00 整  趋势=uptrend, OB={'top': 92659.3, 'bottom': 92185.4}
2025-06-03 22:13:01,695 - INFO - [4H] 识别到趋势: uptrend, OB: {'top': 94390.0, 'bottom': 93708.0}
2025-06-03 22:13:01,696 - INFO - [4H] BTC-USDT-SWAP 2025-05-02 00:00 整  趋势=uptrend, OB={'top': 94390.0, 'bottom': 93708.0}
2025-06-03 22:19:03,037 - INFO - [4H] 识别到趋势: uptrend, OB: {'top': 92659.3, 'bottom': 92185.4}
2025-06-03 22:19:03,037 - INFO - [4H] BTC-USDT-SWAP 2025-05-01 16:00 整  趋势=uptrend, OB={'top': 92659.3, 'bottom': 92185.4}
2025-06-03 22:19:04,735 - INFO - [4H] 识别到趋势: uptrend, OB: {'top': 92659.3, 'bottom': 92185.4}
2025-06-03 22:19:04,735 - INFO - [4H] BTC-USDT-SWAP 2025-05-01 20:00 整  趋势=uptrend, OB={'top': 92659.3, 'bottom': 92185.4}
2025-06-03 22:19:06,641 - INFO - [4H] 识别到趋势: uptrend, OB: {'top': 94390.0, 'bottom': 93708.0}
2025-06-03 22:19:06,641 - INFO - [4H] BTC-USDT-SWAP 2025-05-02 00:00 整  趋势=uptrend, OB={'top': 94390.0, 'bottom': 93708.0}
2025-06-03 22:19:07,996 - INFO - [持仓+] BTC-USDT-SWAP sell@94227.3 SL=97159.3 TP=86897.3 size=0.0341
2025-06-03 22:34:16,442 - INFO - [4H] 识别到趋势: uptrend, OB: {'top': 92659.3, 'bottom': 92185.4}
2025-06-03 22:34:16,442 - INFO - [4H] BTC-USDT-SWAP 2025-05-01 16:00 整  趋势=uptrend, OB={'top': 92659.3, 'bottom': 92185.4}
2025-06-03 22:34:18,090 - INFO - [4H] 识别到趋势: uptrend, OB: {'top': 92659.3, 'bottom': 92185.4}
2025-06-03 22:34:18,091 - INFO - [4H] BTC-USDT-SWAP 2025-05-01 20:00 整  趋势=uptrend, OB={'top': 92659.3, 'bottom': 92185.4}
2025-06-03 22:34:19,572 - INFO - [4H] 识别到趋势: uptrend, OB: {'top': 94390.0, 'bottom': 93708.0}
2025-06-03 22:34:19,572 - INFO - [4H] BTC-USDT-SWAP 2025-05-02 00:00 整  趋势=uptrend, OB={'top': 94390.0, 'bottom': 93708.0}
2025-06-03 22:34:21,995 - INFO - [持仓+] BTC-USDT-SWAP sell@94227.3 SL=97159.3 TP=86897.3 size=0.0341
2025-06-03 22:34:29,111 - INFO - [4H] 识别到趋势: uptrend, OB: {'top': 94390.0, 'bottom': 93708.0}
2025-06-03 22:34:29,112 - INFO - [4H] BTC-USDT-SWAP 2025-05-02 04:00 整  趋势=uptrend, OB={'top': 94390.0, 'bottom': 93708.0}
2025-06-03 22:34:31,993 - INFO - [4H] 识别到趋势: uptrend, OB: {'top': 94390.0, 'bottom': 93708.0}
2025-06-03 22:34:31,993 - INFO - [4H] BTC-USDT-SWAP 2025-05-02 08:00 整  趋势=uptrend, OB={'top': 94390.0, 'bottom': 93708.0}
2025-06-03 22:34:35,031 - INFO - [4H] 识别到趋势: uptrend, OB: {'top': 94390.0, 'bottom': 93708.0}
2025-06-03 22:34:35,031 - INFO - [4H] BTC-USDT-SWAP 2025-05-02 12:00 整  趋势=uptrend, OB={'top': 94390.0, 'bottom': 93708.0}
2025-06-03 22:34:36,425 - INFO - [4H] 识别到趋势: uptrend, OB: {'top': 94390.0, 'bottom': 93708.0}
2025-06-03 22:34:36,425 - INFO - [4H] BTC-USDT-SWAP 2025-05-02 16:00 整  趋势=uptrend, OB={'top': 94390.0, 'bottom': 93708.0}
2025-06-03 22:34:39,556 - INFO - [4H] 识别到趋势: uptrend, OB: {'top': 94390.0, 'bottom': 93708.0}
2025-06-03 22:34:39,557 - INFO - [4H] BTC-USDT-SWAP 2025-05-02 20:00 整  趋势=uptrend, OB={'top': 94390.0, 'bottom': 93708.0}
2025-06-03 22:34:41,431 - INFO - [4H] 识别到趋势: uptrend, OB: {'top': 96806.0, 'bottom': 96490.0}
2025-06-03 22:34:41,431 - INFO - [4H] BTC-USDT-SWAP 2025-05-03 00:00 整  趋势=uptrend, OB={'top': 96806.0, 'bottom': 96490.0}
2025-06-03 22:34:42,983 - INFO - [持仓+] BTC-USDT-SWAP sell@96714.0 SL=97844.3 TP=93888.25 size=0.0885
2025-06-03 22:34:45,660 - INFO - [4H] 识别到趋势: uptrend, OB: {'top': 96806.0, 'bottom': 96490.0}
2025-06-03 22:34:45,661 - INFO - [4H] BTC-USDT-SWAP 2025-05-03 04:00 整  趋势=uptrend, OB={'top': 96806.0, 'bottom': 96490.0}
2025-06-03 22:35:55,513 - INFO - [4H] 识别到趋势: uptrend, OB: {'top': 92659.3, 'bottom': 92185.4}
2025-06-03 22:35:55,514 - INFO - [4H] BTC-USDT-SWAP 2025-05-01 16:00 整  趋势=uptrend, OB={'top': 92659.3, 'bottom': 92185.4}
2025-06-03 22:35:57,917 - INFO - [4H] 识别到趋势: uptrend, OB: {'top': 92659.3, 'bottom': 92185.4}
2025-06-03 22:35:57,918 - INFO - [4H] BTC-USDT-SWAP 2025-05-01 20:00 整  趋势=uptrend, OB={'top': 92659.3, 'bottom': 92185.4}
2025-06-03 22:35:59,830 - INFO - [4H] 识别到趋势: uptrend, OB: {'top': 94390.0, 'bottom': 93708.0}
2025-06-03 22:35:59,830 - INFO - [4H] BTC-USDT-SWAP 2025-05-02 00:00 整  趋势=uptrend, OB={'top': 94390.0, 'bottom': 93708.0}
2025-06-03 22:36:01,888 - INFO - [持仓+] BTC-USDT-SWAP sell@94227.3 SL=97159.3 TP=86897.3 size=0.0341
2025-06-03 22:36:04,816 - INFO - [4H] 识别到趋势: uptrend, OB: {'top': 94390.0, 'bottom': 93708.0}
2025-06-03 22:36:04,817 - INFO - [4H] BTC-USDT-SWAP 2025-05-02 04:00 整  趋势=uptrend, OB={'top': 94390.0, 'bottom': 93708.0}
2025-06-03 22:36:09,829 - INFO - [4H] 识别到趋势: uptrend, OB: {'top': 94390.0, 'bottom': 93708.0}
2025-06-03 22:36:09,830 - INFO - [4H] BTC-USDT-SWAP 2025-05-02 08:00 整  趋势=uptrend, OB={'top': 94390.0, 'bottom': 93708.0}
2025-06-03 22:36:11,509 - INFO - [4H] 识别到趋势: uptrend, OB: {'top': 94390.0, 'bottom': 93708.0}
2025-06-03 22:36:11,509 - INFO - [4H] BTC-USDT-SWAP 2025-05-02 12:00 整  趋势=uptrend, OB={'top': 94390.0, 'bottom': 93708.0}
2025-06-03 22:36:14,806 - INFO - [4H] 识别到趋势: uptrend, OB: {'top': 94390.0, 'bottom': 93708.0}
2025-06-03 22:36:14,807 - INFO - [4H] BTC-USDT-SWAP 2025-05-02 16:00 整  趋势=uptrend, OB={'top': 94390.0, 'bottom': 93708.0}
2025-06-03 22:36:16,692 - INFO - [4H] 识别到趋势: uptrend, OB: {'top': 94390.0, 'bottom': 93708.0}
2025-06-03 22:36:16,693 - INFO - [4H] BTC-USDT-SWAP 2025-05-02 20:00 整  趋势=uptrend, OB={'top': 94390.0, 'bottom': 93708.0}
2025-06-03 22:36:18,731 - INFO - [4H] 识别到趋势: uptrend, OB: {'top': 96806.0, 'bottom': 96490.0}
2025-06-03 22:36:18,731 - INFO - [4H] BTC-USDT-SWAP 2025-05-03 00:00 整  趋势=uptrend, OB={'top': 96806.0, 'bottom': 96490.0}
2025-06-03 22:36:30,929 - INFO - [持仓+] BTC-USDT-SWAP sell@96714.0 SL=97844.3 TP=93888.25 size=0.0885
2025-06-03 22:36:32,443 - INFO - [4H] 识别到趋势: uptrend, OB: {'top': 96806.0, 'bottom': 96490.0}
2025-06-03 22:36:32,444 - INFO - [4H] BTC-USDT-SWAP 2025-05-03 04:00 整  趋势=uptrend, OB={'top': 96806.0, 'bottom': 96490.0}
2025-06-03 23:04:20,710 - INFO - [4H] 识别到趋势: uptrend, OB: {'top': 92659.3, 'bottom': 92185.4}
2025-06-03 23:04:20,711 - INFO - [4H] BTC-USDT-SWAP 2025-05-01 16:00 整 趋势=uptrend, OB={'top': 92659.3, 'bottom': 92185.4}
2025-06-03 23:04:21,908 - INFO - [4H] 识别到趋势: uptrend, OB: {'top': 92659.3, 'bottom': 92185.4}
2025-06-03 23:04:21,909 - INFO - [4H] BTC-USDT-SWAP 2025-05-01 20:00 整 趋势=uptrend, OB={'top': 92659.3, 'bottom': 92185.4}
2025-06-03 23:04:23,658 - INFO - [4H] 识别到趋势: uptrend, OB: {'top': 94390.0, 'bottom': 93708.0}
2025-06-03 23:04:23,659 - INFO - [4H] BTC-USDT-SWAP 2025-05-02 00:00 整 趋势=uptrend, OB={'top': 94390.0, 'bottom': 93708.0}
2025-06-03 23:04:26,693 - INFO - [MOCK-ORDER] SELL BTC-USDT-SWAP entry=94226.6 sl=94340.0 tp=93943.10000000002 size=0.8818
2025-06-03 23:04:26,693 - INFO - [TRADE] BTC-USDT-SWAP SELL entry=94226.6 SL=94340.0 TP=93943.10000000002 PnL=-100
2025-06-03 23:04:26,694 - INFO - [4H] 识别到趋势: uptrend, OB: {'top': 94390.0, 'bottom': 93708.0}
2025-06-03 23:04:26,695 - INFO - [4H] BTC-USDT-SWAP 2025-05-02 04:00 整 趋势=uptrend, OB={'top': 94390.0, 'bottom': 93708.0}
2025-06-03 23:04:37,000 - INFO - [MOCK-ORDER] SELL BTC-USDT-SWAP entry=94226.6 sl=94340.0 tp=93943.10000000002 size=0.8818
2025-06-03 23:04:37,001 - INFO - [TRADE] BTC-USDT-SWAP SELL entry=94226.6 SL=94340.0 TP=93943.10000000002 PnL=-100
2025-06-03 23:04:37,001 - INFO - [4H] 识别到趋势: uptrend, OB: {'top': 94390.0, 'bottom': 93708.0}
2025-06-03 23:04:37,002 - INFO - [4H] BTC-USDT-SWAP 2025-05-02 08:00 整 趋势=uptrend, OB={'top': 94390.0, 'bottom': 93708.0}
2025-06-03 23:04:40,004 - INFO - [MOCK-ORDER] SELL BTC-USDT-SWAP entry=94226.6 sl=94340.0 tp=93943.10000000002 size=0.8818
2025-06-03 23:04:40,004 - INFO - [4H] 识别到趋势: uptrend, OB: {'top': 94390.0, 'bottom': 93708.0}
2025-06-03 23:04:40,005 - INFO - [4H] BTC-USDT-SWAP 2025-05-02 12:00 整 趋势=uptrend, OB={'top': 94390.0, 'bottom': 93708.0}
2025-06-03 23:04:42,072 - INFO - [4H] 识别到趋势: uptrend, OB: {'top': 94390.0, 'bottom': 93708.0}
2025-06-03 23:04:42,072 - INFO - [4H] BTC-USDT-SWAP 2025-05-02 16:00 整 趋势=uptrend, OB={'top': 94390.0, 'bottom': 93708.0}
2025-06-03 23:04:47,972 - INFO - [4H] 识别到趋势: uptrend, OB: {'top': 94390.0, 'bottom': 93708.0}
2025-06-03 23:04:47,972 - INFO - [4H] BTC-USDT-SWAP 2025-05-02 20:00 整 趋势=uptrend, OB={'top': 94390.0, 'bottom': 93708.0}
2025-06-03 23:04:49,826 - INFO - [4H] 识别到趋势: uptrend, OB: {'top': 96806.0, 'bottom': 96490.0}
2025-06-03 23:04:49,826 - INFO - [4H] BTC-USDT-SWAP 2025-05-03 00:00 整 趋势=uptrend, OB={'top': 96806.0, 'bottom': 96490.0}
2025-06-03 23:04:58,724 - INFO - [TRADE] BTC-USDT-SWAP SELL entry=94226.6 SL=94340.0 TP=93943.10000000002 PnL=-100
2025-06-03 23:04:58,725 - INFO - [MOCK-ORDER] SELL BTC-USDT-SWAP entry=96714.0 sl=97185.2 tp=95536.0 size=0.2122
2025-06-03 23:04:58,725 - INFO - [4H] 识别到趋势: uptrend, OB: {'top': 96806.0, 'bottom': 96490.0}
2025-06-03 23:04:58,725 - INFO - [4H] BTC-USDT-SWAP 2025-05-03 04:00 整 趋势=uptrend, OB={'top': 96806.0, 'bottom': 96490.0}
2025-06-03 23:05:00,150 - INFO - [MOCK-ORDER] SELL BTC-USDT-SWAP entry=96990.5 sl=97111.1 tp=96688.99999999999 size=0.8292
2025-06-03 23:05:00,151 - INFO - [TRADE] BTC-USDT-SWAP SELL entry=96990.5 SL=97111.1 TP=96688.99999999999 PnL=-100
2025-06-03 23:05:00,151 - INFO - [4H] 识别到趋势: uptrend, OB: {'top': 96806.0, 'bottom': 96490.0}
2025-06-03 23:05:00,151 - INFO - [4H] BTC-USDT-SWAP 2025-05-03 08:00 整 趋势=uptrend, OB={'top': 96806.0, 'bottom': 96490.0}
2025-06-03 23:05:01,677 - INFO - [MOCK-ORDER] SELL BTC-USDT-SWAP entry=96662.8 sl=96787.6 tp=96350.79999999999 size=0.8013
2025-06-03 23:05:01,678 - INFO - [TRADE] BTC-USDT-SWAP SELL entry=96662.8 SL=96787.6 TP=96350.79999999999 PnL=-100
2025-06-03 23:05:01,678 - INFO - [4H] 识别到趋势: uptrend, OB: {'top': 96806.0, 'bottom': 96490.0}
2025-06-03 23:05:01,678 - INFO - [4H] BTC-USDT-SWAP 2025-05-03 12:00 整 趋势=uptrend, OB={'top': 96806.0, 'bottom': 96490.0}
2025-06-03 23:05:03,428 - INFO - [MOCK-ORDER] SELL BTC-USDT-SWAP entry=96463.0 sl=96615.4 tp=96082.00000000001 size=0.6562
2025-06-03 23:05:03,428 - INFO - [4H] 识别到趋势: uptrend, OB: {'top': 96806.0, 'bottom': 96490.0}
2025-06-03 23:05:03,429 - INFO - [4H] BTC-USDT-SWAP 2025-05-03 16:00 整 趋势=uptrend, OB={'top': 96806.0, 'bottom': 96490.0}
