2025-05-30 13:00:38,100 - INFO - [4H网络] BTC-USDT-SWAP 第1次失败: HTTPSConnectionPool(host='www.okx.com', port=443): Max retries exceeded with url: /api/v5/market/history-candles?instId=BTC-USDT-SWAP&bar=4H&after=1576468800001&limit=100 (Caused by ProxyError('Cannot connect to proxy.', ConnectionResetError(10054, '远程主机强迫关闭了一个现有的连接。', None, 10054, None)))
2025-05-30 13:03:29,597 - INFO - [4H网络] BTC-USDT-SWAP 第1次失败: HTTPSConnectionPool(host='www.okx.com', port=443): Max retries exceeded with url: /api/v5/market/history-candles?instId=BTC-USDT-SWAP&bar=4H&after=1576468800001&limit=100 (Caused by ProxyError('Cannot connect to proxy.', timeout('_ssl.c:1112: The handshake operation timed out')))
2025-05-30 13:04:54,406 - INFO - [4H网络] BTC-USDT-SWAP 第1次失败: HTTPSConnectionPool(host='www.okx.com', port=443): Max retries exceeded with url: /api/v5/market/history-candles?instId=BTC-USDT-SWAP&bar=4H&after=1576468800001&limit=100 (Caused by ProxyError('Cannot connect to proxy.', timeout('_ssl.c:1112: The handshake operation timed out')))
2025-05-30 13:06:14,395 - INFO - [4H网络] BTC-USDT-SWAP 第1次失败: HTTPSConnectionPool(host='www.okx.com', port=443): Max retries exceeded with url: /api/v5/market/history-candles?instId=BTC-USDT-SWAP&bar=4H&after=1576468800001&limit=100 (Caused by ProxyError('Cannot connect to proxy.', ConnectionResetError(10054, '远程主机强迫关闭了一个现有的连接。', None, 10054, None)))
2025-05-30 13:11:14,767 - INFO - [4H网络] BTC-USDT-SWAP 第1次失败: HTTPSConnectionPool(host='www.okx.com', port=443): Max retries exceeded with url: /api/v5/market/history-candles?instId=BTC-USDT-SWAP&bar=4H&after=1576468800001&limit=100 (Caused by ProxyError('Cannot connect to proxy.', timeout('_ssl.c:1112: The handshake operation timed out')))
2025-05-30 13:24:23,843 - INFO - [4H网络] BTC-USDT-SWAP 第1次失败: HTTPSConnectionPool(host='www.okx.com', port=443): Max retries exceeded with url: /api/v5/market/history-candles?instId=BTC-USDT-SWAP&bar=4H&after=1576468800001&limit=100 (Caused by ProxyError('Cannot connect to proxy.', ConnectionResetError(10054, '远程主机强迫关闭了一个现有的连接。', None, 10054, None)))
2025-05-30 13:26:06,500 - INFO - [4H网络] BTC-USDT-SWAP 第1次失败: HTTPSConnectionPool(host='www.okx.com', port=443): Max retries exceeded with url: /api/v5/market/history-candles?instId=BTC-USDT-SWAP&bar=4H&after=1576468800001&limit=100 (Caused by ProxyError('Cannot connect to proxy.', ConnectionResetError(10054, '远程主机强迫关闭了一个现有的连接。', None, 10054, None)))
2025-05-30 13:27:29,437 - INFO - [4H网络] BTC-USDT-SWAP 第1次失败: HTTPSConnectionPool(host='www.okx.com', port=443): Max retries exceeded with url: /api/v5/market/history-candles?instId=BTC-USDT-SWAP&bar=4H&after=1576468800001&limit=100 (Caused by ProxyError('Cannot connect to proxy.', timeout('_ssl.c:1112: The handshake operation timed out')))
2025-05-30 13:27:39,682 - INFO - [4H网络] BTC-USDT-SWAP 第1次失败: HTTPSConnectionPool(host='www.okx.com', port=443): Max retries exceeded with url: /api/v5/market/history-candles?instId=BTC-USDT-SWAP&bar=4H&after=1576468800001&limit=100 (Caused by ProxyError('Cannot connect to proxy.', ConnectionResetError(10054, '远程主机强迫关闭了一个现有的连接。', None, 10054, None)))
2025-05-30 13:28:20,952 - INFO - [4H网络] BTC-USDT-SWAP 第1次失败: HTTPSConnectionPool(host='www.okx.com', port=443): Max retries exceeded with url: /api/v5/market/history-candles?instId=BTC-USDT-SWAP&bar=4H&after=1576468800001&limit=100 (Caused by ProxyError('Cannot connect to proxy.', ConnectionResetError(10054, '远程主机强迫关闭了一个现有的连接。', None, 10054, None)))
2025-05-30 13:28:42,437 - INFO - [4H网络] BTC-USDT-SWAP 第1次失败: HTTPSConnectionPool(host='www.okx.com', port=443): Max retries exceeded with url: /api/v5/market/history-candles?instId=BTC-USDT-SWAP&bar=4H&after=1576468800001&limit=100 (Caused by ProxyError('Cannot connect to proxy.', ConnectionResetError(10054, '远程主机强迫关闭了一个现有的连接。', None, 10054, None)))
2025-05-30 13:29:09,009 - INFO - [4H网络] BTC-USDT-SWAP 第1次失败: HTTPSConnectionPool(host='www.okx.com', port=443): Max retries exceeded with url: /api/v5/market/history-candles?instId=BTC-USDT-SWAP&bar=4H&after=1576468800001&limit=100 (Caused by ProxyError('Cannot connect to proxy.', ConnectionResetError(10054, '远程主机强迫关闭了一个现有的连接。', None, 10054, None)))
2025-05-30 13:29:23,408 - INFO - [4H网络] BTC-USDT-SWAP 第1次失败: HTTPSConnectionPool(host='www.okx.com', port=443): Max retries exceeded with url: /api/v5/market/history-candles?instId=BTC-USDT-SWAP&bar=4H&after=1576468800001&limit=100 (Caused by ProxyError('Cannot connect to proxy.', timeout('_ssl.c:1112: The handshake operation timed out')))
2025-05-30 13:29:55,113 - INFO - [4H网络] BTC-USDT-SWAP 第1次失败: HTTPSConnectionPool(host='www.okx.com', port=443): Max retries exceeded with url: /api/v5/market/history-candles?instId=BTC-USDT-SWAP&bar=4H&after=1576468800001&limit=100 (Caused by ProxyError('Cannot connect to proxy.', timeout('_ssl.c:1112: The handshake operation timed out')))
2025-05-30 13:32:49,169 - INFO - [4H网络] BTC-USDT-SWAP 第1次失败: HTTPSConnectionPool(host='www.okx.com', port=443): Max retries exceeded with url: /api/v5/market/history-candles?instId=BTC-USDT-SWAP&bar=4H&after=1576468800001&limit=100 (Caused by ProxyError('Cannot connect to proxy.', timeout('_ssl.c:1112: The handshake operation timed out')))
2025-05-30 13:36:13,760 - INFO - [4H网络] BTC-USDT-SWAP 第1次失败: HTTPSConnectionPool(host='www.okx.com', port=443): Max retries exceeded with url: /api/v5/market/history-candles?instId=BTC-USDT-SWAP&bar=4H&after=1576468800001&limit=100 (Caused by ProxyError('Cannot connect to proxy.', timeout('_ssl.c:1112: The handshake operation timed out')))
2025-05-30 13:37:02,680 - INFO - [4H网络] BTC-USDT-SWAP 第1次失败: HTTPSConnectionPool(host='www.okx.com', port=443): Max retries exceeded with url: /api/v5/market/history-candles?instId=BTC-USDT-SWAP&bar=4H&after=1576468800001&limit=100 (Caused by ProxyError('Cannot connect to proxy.', timeout('_ssl.c:1112: The handshake operation timed out')))
2025-05-30 13:41:30,065 - INFO - [4H网络] BTC-USDT-SWAP 第1次失败: HTTPSConnectionPool(host='www.okx.com', port=443): Max retries exceeded with url: /api/v5/market/history-candles?instId=BTC-USDT-SWAP&bar=4H&after=1576468800001&limit=100 (Caused by ProxyError('Cannot connect to proxy.', timeout('_ssl.c:1112: The handshake operation timed out')))
2025-05-30 13:43:03,276 - INFO - [4H网络] BTC-USDT-SWAP 第1次失败: HTTPSConnectionPool(host='www.okx.com', port=443): Max retries exceeded with url: /api/v5/market/history-candles?instId=BTC-USDT-SWAP&bar=4H&after=1576468800001&limit=100 (Caused by ProxyError('Cannot connect to proxy.', timeout('_ssl.c:1112: The handshake operation timed out')))
2025-05-30 13:43:11,316 - INFO - [4H网络] BTC-USDT-SWAP 第2次失败: HTTPSConnectionPool(host='www.okx.com', port=443): Max retries exceeded with url: /api/v5/market/history-candles?instId=BTC-USDT-SWAP&bar=4H&after=1576468800001&limit=100 (Caused by ProxyError('Cannot connect to proxy.', timeout('_ssl.c:1112: The handshake operation timed out')))
2025-05-30 13:45:16,823 - INFO - [4H网络] BTC-USDT-SWAP 第1次失败: HTTPSConnectionPool(host='www.okx.com', port=443): Max retries exceeded with url: /api/v5/market/history-candles?instId=BTC-USDT-SWAP&bar=4H&after=1576468800001&limit=100 (Caused by ProxyError('Cannot connect to proxy.', timeout('_ssl.c:1112: The handshake operation timed out')))
2025-05-30 13:47:08,808 - INFO - [4H网络] BTC-USDT-SWAP 第1次失败: HTTPSConnectionPool(host='www.okx.com', port=443): Max retries exceeded with url: /api/v5/market/history-candles?instId=BTC-USDT-SWAP&bar=4H&after=1576468800001&limit=100 (Caused by ProxyError('Cannot connect to proxy.', timeout('_ssl.c:1112: The handshake operation timed out')))
2025-05-30 13:48:49,733 - INFO - [4H网络] BTC-USDT-SWAP 第1次失败: HTTPSConnectionPool(host='www.okx.com', port=443): Max retries exceeded with url: /api/v5/market/history-candles?instId=BTC-USDT-SWAP&bar=4H&after=1576468800001&limit=100 (Caused by ProxyError('Cannot connect to proxy.', timeout('_ssl.c:1112: The handshake operation timed out')))
2025-05-30 13:49:48,892 - INFO - [4H网络] BTC-USDT-SWAP 第1次失败: HTTPSConnectionPool(host='www.okx.com', port=443): Max retries exceeded with url: /api/v5/market/history-candles?instId=BTC-USDT-SWAP&bar=4H&after=1576468800001&limit=100 (Caused by ProxyError('Cannot connect to proxy.', ConnectionResetError(10054, '远程主机强迫关闭了一个现有的连接。', None, 10054, None)))
2025-05-30 13:55:13,695 - INFO - [4H网络] BTC-USDT-SWAP 第1次失败: HTTPSConnectionPool(host='www.okx.com', port=443): Max retries exceeded with url: /api/v5/market/history-candles?instId=BTC-USDT-SWAP&bar=4H&after=1576468800001&limit=100 (Caused by ProxyError('Cannot connect to proxy.', timeout('_ssl.c:1112: The handshake operation timed out')))
2025-05-30 13:55:38,509 - INFO - [4H网络] BTC-USDT-SWAP 第1次失败: HTTPSConnectionPool(host='www.okx.com', port=443): Max retries exceeded with url: /api/v5/market/history-candles?instId=BTC-USDT-SWAP&bar=4H&after=1576468800001&limit=100 (Caused by ProxyError('Cannot connect to proxy.', ConnectionResetError(10054, '远程主机强迫关闭了一个现有的连接。', None, 10054, None)))
2025-05-30 13:58:00,625 - INFO - [4H网络] BTC-USDT-SWAP 第1次失败: HTTPSConnectionPool(host='www.okx.com', port=443): Max retries exceeded with url: /api/v5/market/history-candles?instId=BTC-USDT-SWAP&bar=4H&after=1576468800001&limit=100 (Caused by ProxyError('Cannot connect to proxy.', timeout('_ssl.c:1112: The handshake operation timed out')))
2025-05-30 14:11:00,793 - INFO - [4H网络] BTC-USDT-SWAP 第1次失败: HTTPSConnectionPool(host='www.okx.com', port=443): Max retries exceeded with url: /api/v5/market/history-candles?instId=BTC-USDT-SWAP&bar=4H&after=1576468800001&limit=100 (Caused by ProxyError('Cannot connect to proxy.', timeout('_ssl.c:1112: The handshake operation timed out')))
2025-05-30 14:13:35,000 - INFO - [4H网络] BTC-USDT-SWAP 第1次失败: HTTPSConnectionPool(host='www.okx.com', port=443): Max retries exceeded with url: /api/v5/market/history-candles?instId=BTC-USDT-SWAP&bar=4H&after=1576468800001&limit=100 (Caused by ProxyError('Cannot connect to proxy.', ConnectionResetError(10054, '远程主机强迫关闭了一个现有的连接。', None, 10054, None)))
2025-05-30 14:16:51,537 - INFO - [4H网络] BTC-USDT-SWAP 第1次失败: HTTPSConnectionPool(host='www.okx.com', port=443): Max retries exceeded with url: /api/v5/market/history-candles?instId=BTC-USDT-SWAP&bar=4H&after=1576468800001&limit=100 (Caused by ProxyError('Cannot connect to proxy.', timeout('_ssl.c:1112: The handshake operation timed out')))
2025-05-30 14:21:16,024 - INFO - [4H网络] BTC-USDT-SWAP 第1次失败: HTTPSConnectionPool(host='www.okx.com', port=443): Max retries exceeded with url: /api/v5/market/history-candles?instId=BTC-USDT-SWAP&bar=4H&after=1576468800001&limit=100 (Caused by ProxyError('Cannot connect to proxy.', ConnectionResetError(10054, '远程主机强迫关闭了一个现有的连接。', None, 10054, None)))
2025-05-30 14:22:08,201 - INFO - [4H网络] BTC-USDT-SWAP 第1次失败: HTTPSConnectionPool(host='www.okx.com', port=443): Max retries exceeded with url: /api/v5/market/history-candles?instId=BTC-USDT-SWAP&bar=4H&after=1576468800001&limit=100 (Caused by ProxyError('Cannot connect to proxy.', ConnectionResetError(10054, '远程主机强迫关闭了一个现有的连接。', None, 10054, None)))
2025-05-30 14:22:18,220 - INFO - [4H网络] BTC-USDT-SWAP 第1次失败: HTTPSConnectionPool(host='www.okx.com', port=443): Max retries exceeded with url: /api/v5/market/history-candles?instId=BTC-USDT-SWAP&bar=4H&after=1576468800001&limit=100 (Caused by ProxyError('Cannot connect to proxy.', timeout('_ssl.c:1112: The handshake operation timed out')))
2025-05-30 14:28:00,613 - INFO - [4H网络] BTC-USDT-SWAP 第1次失败: SOCKSHTTPSConnectionPool(host='www.okx.com', port=443): Read timed out. (read timeout=5)
2025-05-30 14:30:59,248 - INFO - [4H网络] BTC-USDT-SWAP 第1次失败: SOCKSHTTPSConnectionPool(host='www.okx.com', port=443): Read timed out. (read timeout=5)
2025-05-30 14:37:54,256 - INFO - ✅ 代理连接测试成功
2025-05-30 14:37:58,290 - INFO - 
=== 回测 BTC-USDT-SWAP ===
2025-05-30 14:37:59,640 - INFO - ✅ 代理连接测试成功
2025-05-30 14:41:05,901 - INFO - [4H网络] BTC-USDT-SWAP 第1次失败: ReadTimeout - SOCKSHTTPSConnectionPool(host='www.okx.com', port=443): Read timed out. (read timeout=10)
2025-05-30 14:41:05,901 - INFO - 等待 1秒后重试...
2025-05-30 14:43:24,063 - INFO - [BTC-USDT-SWAP 4H] 第1次失败: SOCKSHTTPSConnectionPool(host='www.okx.com', port=443): Read timed out. (read timeout=5)
2025-05-30 14:43:49,988 - INFO - [BTC-USDT-SWAP 4H] 第1次失败: ('Connection aborted.', ConnectionResetError(10054, '远程主机强迫关闭了一个现有的连接。', None, 10054, None))
2025-05-30 14:47:22,849 - INFO - [BTC-USDT-SWAP 4H] 第1次失败: ('Connection aborted.', ConnectionResetError(10054, '远程主机强迫关闭了一个现有的连接。', None, 10054, None))
2025-05-30 14:47:51,900 - INFO - [BTC-USDT-SWAP 4H] 第1次失败: ('Connection aborted.', RemoteDisconnected('Remote end closed connection without response'))
2025-05-30 14:49:41,595 - INFO - [BTC-USDT-SWAP 4H] 第1次失败: SOCKSHTTPSConnectionPool(host='www.okx.com', port=443): Max retries exceeded with url: /api/v5/market/history-candles?instId=BTC-USDT-SWAP&bar=4H&after=1636372800001&limit=50 (Caused by SSLError(SSLEOFError(8, 'EOF occurred in violation of protocol (_ssl.c:1129)')))
2025-05-30 14:52:39,718 - INFO - [BTC-USDT-SWAP 4H] 第1次失败: SOCKSHTTPSConnectionPool(host='www.okx.com', port=443): Max retries exceeded with url: /api/v5/market/history-candles?instId=BTC-USDT-SWAP&bar=4H&after=1579219200001&limit=50 (Caused by SSLError(SSLEOFError(8, 'EOF occurred in violation of protocol (_ssl.c:1129)')))
2025-05-30 14:54:45,865 - INFO - [BTC-USDT-SWAP 4H] 第1次失败: ('Connection aborted.', ConnectionResetError(10054, '远程主机强迫关闭了一个现有的连接。', None, 10054, None))
2025-05-30 15:08:34,963 - INFO - [BTC-USDT-SWAP 4H] 第1次失败: ('Connection aborted.', ConnectionResetError(10054, '远程主机强迫关闭了一个现有的连接。', None, 10054, None))
2025-05-30 15:09:09,995 - INFO - [BTC-USDT-SWAP 4H] 第2次失败: SOCKSHTTPSConnectionPool(host='www.okx.com', port=443): Read timed out. (read timeout=30)
2025-05-30 15:09:50,346 - INFO - [BTC-USDT-SWAP 4H] 第1次失败: ('Connection aborted.', ConnectionResetError(10054, '远程主机强迫关闭了一个现有的连接。', None, 10054, None))
2025-05-30 15:11:05,314 - INFO - [BTC-USDT-SWAP 4H] 第1次失败: SOCKSHTTPSConnectionPool(host='www.okx.com', port=443): Max retries exceeded with url: /api/v5/market/history-candles?instId=BTC-USDT-SWAP&bar=4H&after=1632844800001&limit=50 (Caused by SSLError(SSLEOFError(8, 'EOF occurred in violation of protocol (_ssl.c:1129)')))
2025-05-30 15:13:27,488 - INFO - [BTC-USDT-SWAP 4H] 第1次失败(limit=20): ('Connection aborted.', ConnectionResetError(10054, '远程主机强迫关闭了一个现有的连接。', None, 10054, None))
2025-05-30 15:15:58,919 - INFO - [BTC-USDT-SWAP 4H] 第1次失败(limit=20): ('Connection aborted.', ConnectionResetError(10054, '远程主机强迫关闭了一个现有的连接。', None, 10054, None))
2025-05-30 15:18:06,935 - INFO - [BTC-USDT-SWAP 4H] 第1次失败(limit=20): SOCKSHTTPSConnectionPool(host='www.okx.com', port=443): Max retries exceeded with url: /api/v5/market/history-candles?instId=BTC-USDT-SWAP&bar=4H&after=1681171200001&limit=20 (Caused by SSLError(SSLEOFError(8, 'EOF occurred in violation of protocol (_ssl.c:1129)')))
2025-05-30 15:20:41,785 - INFO - [BTC-USDT-SWAP 4H] 第1次失败(limit=20): ('Connection aborted.', ConnectionResetError(10054, '远程主机强迫关闭了一个现有的连接。', None, 10054, None))
2025-05-30 15:23:29,094 - INFO - [BTC-USDT-SWAP 4H] 第1次失败(limit=20): ('Connection aborted.', RemoteDisconnected('Remote end closed connection without response'))
2025-05-30 15:32:03,662 - INFO - [BTC-USDT-SWAP 4H] 第1次失败(limit=20): SOCKSHTTPSConnectionPool(host='www.okx.com', port=443): Max retries exceeded with url: /api/v5/market/history-candles?instId=BTC-USDT-SWAP&bar=4H&after=1576468800001&limit=20 (Caused by SSLError(SSLEOFError(8, 'EOF occurred in violation of protocol (_ssl.c:1129)')))
2025-05-30 15:32:16,510 - INFO - [BTC-USDT-SWAP 4H] 第1次失败(limit=20): ('Connection aborted.', ConnectionResetError(10054, '远程主机强迫关闭了一个现有的连接。', None, 10054, None))
2025-05-30 15:35:02,960 - INFO - [BTC-USDT-SWAP 4H] 第1次失败(limit=20): ('Connection aborted.', ConnectionResetError(10054, '远程主机强迫关闭了一个现有的连接。', None, 10054, None))
2025-05-30 15:49:02,906 - INFO - [BTC-USDT-SWAP 4H] 第1次失败(limit=20): ('Connection aborted.', ConnectionResetError(10054, '远程主机强迫关闭了一个现有的连接。', None, 10054, None))
2025-05-30 16:00:23,787 - INFO - [BTC-USDT-SWAP 4H] 第1次失败(limit=20): ('Connection aborted.', ConnectionResetError(10054, '远程主机强迫关闭了一个现有的连接。', None, 10054, None))
2025-05-30 16:01:17,562 - INFO - [BTC-USDT-SWAP 4H] 第1次失败(limit=20): SOCKSHTTPSConnectionPool(host='www.okx.com', port=443): Read timed out. (read timeout=30)
2025-05-30 16:01:50,208 - INFO - [BTC-USDT-SWAP 4H] 第1次失败(limit=20): SOCKSHTTPSConnectionPool(host='www.okx.com', port=443): Max retries exceeded with url: /api/v5/market/history-candles?instId=BTC-USDT-SWAP&bar=4H&after=1723579200001&limit=20 (Caused by SSLError(SSLEOFError(8, 'EOF occurred in violation of protocol (_ssl.c:1129)')))
2025-05-30 16:02:33,843 - INFO - [BTC-USDT-SWAP 4H] 第1次失败(limit=20): SOCKSHTTPSConnectionPool(host='www.okx.com', port=443): Max retries exceeded with url: /api/v5/market/history-candles?instId=BTC-USDT-SWAP&bar=4H&after=1720987200001&limit=20 (Caused by SSLError(SSLEOFError(8, 'EOF occurred in violation of protocol (_ssl.c:1129)')))
2025-05-30 16:05:38,163 - INFO - [BTC-USDT-SWAP 4H] 第1次失败(limit=20): SOCKSHTTPSConnectionPool(host='www.okx.com', port=443): Max retries exceeded with url: /api/v5/market/history-candles?instId=BTC-USDT-SWAP&bar=4H&after=1701432000001&limit=20 (Caused by SSLError(SSLEOFError(8, 'EOF occurred in violation of protocol (_ssl.c:1129)')))
2025-05-30 16:06:16,562 - INFO - [BTC-USDT-SWAP 4H] 第1次失败(limit=20): SOCKSHTTPSConnectionPool(host='www.okx.com', port=443): Max retries exceeded with url: /api/v5/market/history-candles?instId=BTC-USDT-SWAP&bar=4H&after=1697745600001&limit=20 (Caused by SSLError(SSLEOFError(8, 'EOF occurred in violation of protocol (_ssl.c:1129)')))
